#
# There is insufficient memory for the Java Runtime Environment to continue.
# Native memory allocation (mmap) failed to map 45088768 bytes for G1 virtual space
# Possible reasons:
#   The system is out of physical RAM or swap space
#   The process is running with CompressedOops enabled, and the Java Heap may be blocking the growth of the native heap
# Possible solutions:
#   Reduce memory load on the system
#   Increase physical memory or swap space
#   Check if swap backing store is full
#   Decrease Java heap size (-Xmx/-Xms)
#   Decrease number of Java threads
#   Decrease Java thread stack sizes (-Xss)
#   Set larger code cache with -XX:ReservedCodeCacheSize=
#   JVM is running with Unscaled Compressed Oops mode in which the Java heap is
#     placed in the first 4GB address space. The Java Heap base address is the
#     maximum limit for the native heap growth. Please use -XX:HeapBaseMinAddress
#     to set the Java Heap base and to place the Java Heap above 4GB virtual address.
# This output file may be truncated or incomplete.
#
#  Out of Memory Error (os_windows.cpp:3469), pid=10956, tid=17628
#
# JRE version: Java(TM) SE Runtime Environment (17.0.1+12) (build 17.0.1+12-LTS-39)
# Java VM: Java HotSpot(TM) 64-Bit Server VM (17.0.1+12-LTS-39, mixed mode, sharing, tiered, compressed oops, compressed class ptrs, g1 gc, windows-amd64)
# No core dump will be written. Minidumps are not enabled by default on client versions of Windows
#

---------------  S U M M A R Y ------------

Command Line: -XX:MaxMetaspaceSize=512m --add-opens=java.base/java.util=ALL-UNNAMED --add-opens=java.base/java.lang=ALL-UNNAMED --add-opens=java.base/java.lang.invoke=ALL-UNNAMED --add-opens=java.base/java.util=ALL-UNNAMED --add-opens=java.prefs/java.util.prefs=ALL-UNNAMED --add-opens=java.prefs/java.util.prefs=ALL-UNNAMED --add-opens=java.base/java.nio.charset=ALL-UNNAMED --add-opens=java.base/java.net=ALL-UNNAMED --add-opens=java.base/java.util.concurrent.atomic=ALL-UNNAMED -Xmx2048m -Dfile.encoding=windows-1252 -Duser.country=US -Duser.language=en -Duser.variant org.gradle.launcher.daemon.bootstrap.GradleDaemon 7.5.1

Host: 11th Gen Intel(R) Core(TM) i3-1115G4 @ 3.00GHz, 4 cores, 15G,  Windows 10 , 64 bit Build 22000 (10.0.22000.1335)
Time: Wed Feb 15 19:09:43 2023 SE Asia Standard Time elapsed time: 31.703772 seconds (0d 0h 0m 31s)

---------------  T H R E A D  ---------------

Current thread (0x0000024f2e783580):  VMThread "VM Thread" [stack: 0x0000006194400000,0x0000006194500000] [id=17628]

Stack: [0x0000006194400000,0x0000006194500000]
Native frames: (J=compiled Java code, j=interpreted, Vv=VM code, C=native code)
V  [jvm.dll+0x66fa1a]
V  [jvm.dll+0x7ce5a4]
V  [jvm.dll+0x7cfd4e]
V  [jvm.dll+0x7d03b3]
V  [jvm.dll+0x242b05]
V  [jvm.dll+0x66ca39]
V  [jvm.dll+0x661502]
V  [jvm.dll+0x30081b]
V  [jvm.dll+0x307da6]
V  [jvm.dll+0x357a1e]
V  [jvm.dll+0x357c4f]
V  [jvm.dll+0x2d7ad8]
V  [jvm.dll+0x2d5da4]
V  [jvm.dll+0x2d53ac]
V  [jvm.dll+0x318d0b]
V  [jvm.dll+0x7d484b]
V  [jvm.dll+0x7d5584]
V  [jvm.dll+0x7d5a9c]
V  [jvm.dll+0x7d5e74]
V  [jvm.dll+0x7d5f40]
V  [jvm.dll+0x77e91a]
V  [jvm.dll+0x66e845]
C  [ucrtbase.dll+0x26c0c]
C  [KERNEL32.DLL+0x155a0]
C  [ntdll.dll+0x485b]

VM_Operation (0x0000006195bf8e80): G1CollectForAllocation, mode: safepoint, requested by thread 0x0000024f312cdde0


---------------  P R O C E S S  ---------------

Threads class SMR info:
_java_thread_list=0x0000024f2f3511b0, length=90, elements={
0x0000024f10ebd6c0, 0x0000024f2e786cc0, 0x0000024f2e787870, 0x0000024f2e7a0860,
0x0000024f2e7a1210, 0x0000024f2e7a1bc0, 0x0000024f2e7a2570, 0x0000024f2e7a7320,
0x0000024f2e7aa9f0, 0x0000024f2e7b8c20, 0x0000024f2f1fa500, 0x0000024f2f1fb800,
0x0000024f306d8f60, 0x0000024f305634f0, 0x0000024f312a6880, 0x0000024f3184caf0,
0x0000024f3006c830, 0x0000024f312cec50, 0x0000024f312cdde0, 0x0000024f312ce2b0,
0x0000024f312cbc30, 0x0000024f312cb760, 0x0000024f312cb290, 0x0000024f312cc5d0,
0x0000024f312ce780, 0x0000024f312ccaa0, 0x0000024f312cc100, 0x0000024f312ccf70,
0x0000024f312cd440, 0x0000024f312cd910, 0x0000024f31bdf3c0, 0x0000024f31bdf890,
0x0000024f31be1a40, 0x0000024f31bddbb0, 0x0000024f31bdd210, 0x0000024f31bdfd60,
0x0000024f31be0230, 0x0000024f31be10a0, 0x0000024f31be0bd0, 0x0000024f31bde080,
0x0000024f31be23e0, 0x0000024f31be28b0, 0x0000024f31bdc870, 0x0000024f31be1570,
0x0000024f31bde550, 0x0000024f31bdb060, 0x0000024f31bdb530, 0x0000024f31bdea20,
0x0000024f31bdba00, 0x0000024f31bdbed0, 0x0000024f31bdeef0, 0x0000024f30171490,
0x0000024f30175320, 0x0000024f3016fc80, 0x0000024f30176660, 0x0000024f301757f0,
0x0000024f30171960, 0x0000024f3016f7b0, 0x0000024f30170af0, 0x0000024f30175cc0,
0x0000024f30170fc0, 0x0000024f30176190, 0x0000024f30171e30, 0x0000024f30176b30,
0x0000024f30173640, 0x0000024f30174e50, 0x0000024f30173fe0, 0x0000024f30177000,
0x0000024f301744b0, 0x0000024f30170150, 0x0000024f30170620, 0x0000024f301727d0,
0x0000024f30174980, 0x0000024f30172300, 0x0000024f30172ca0, 0x0000024f30173170,
0x0000024f31149780, 0x0000024f31145dc0, 0x0000024f31143c10, 0x0000024f31143270,
0x0000024f31148910, 0x0000024f31149c50, 0x0000024f3114a120, 0x0000024f31147f70,
0x0000024f31148440, 0x0000024f31148de0, 0x0000024f31144f50, 0x0000024f31144a80,
0x0000024f311492b0, 0x0000024f2f184620
}

Java Threads: ( => current thread )
  0x0000024f10ebd6c0 JavaThread "main" [_thread_blocked, id=5124, stack(0x0000006193e00000,0x0000006193f00000)]
  0x0000024f2e786cc0 JavaThread "Reference Handler" daemon [_thread_blocked, id=21060, stack(0x0000006194500000,0x0000006194600000)]
  0x0000024f2e787870 JavaThread "Finalizer" daemon [_thread_blocked, id=11740, stack(0x0000006194600000,0x0000006194700000)]
  0x0000024f2e7a0860 JavaThread "Signal Dispatcher" daemon [_thread_blocked, id=7848, stack(0x0000006194700000,0x0000006194800000)]
  0x0000024f2e7a1210 JavaThread "Attach Listener" daemon [_thread_blocked, id=16904, stack(0x0000006194800000,0x0000006194900000)]
  0x0000024f2e7a1bc0 JavaThread "Service Thread" daemon [_thread_blocked, id=9600, stack(0x0000006194900000,0x0000006194a00000)]
  0x0000024f2e7a2570 JavaThread "Monitor Deflation Thread" daemon [_thread_blocked, id=18160, stack(0x0000006194a00000,0x0000006194b00000)]
  0x0000024f2e7a7320 JavaThread "C2 CompilerThread0" daemon [_thread_blocked, id=2524, stack(0x0000006194b00000,0x0000006194c00000)]
  0x0000024f2e7aa9f0 JavaThread "C1 CompilerThread0" daemon [_thread_blocked, id=18228, stack(0x0000006194c00000,0x0000006194d00000)]
  0x0000024f2e7b8c20 JavaThread "Sweeper thread" daemon [_thread_blocked, id=4552, stack(0x0000006194d00000,0x0000006194e00000)]
  0x0000024f2f1fa500 JavaThread "Common-Cleaner" daemon [_thread_blocked, id=18780, stack(0x0000006194e00000,0x0000006194f00000)]
  0x0000024f2f1fb800 JavaThread "Notification Thread" daemon [_thread_blocked, id=11864, stack(0x0000006194f00000,0x0000006195000000)]
  0x0000024f306d8f60 JavaThread "Daemon health stats" [_thread_blocked, id=17560, stack(0x0000006195500000,0x0000006195600000)]
  0x0000024f305634f0 JavaThread "Incoming local TCP Connector on port 50981" [_thread_in_native, id=14348, stack(0x0000006195600000,0x0000006195700000)]
  0x0000024f312a6880 JavaThread "Daemon periodic checks" [_thread_blocked, id=9404, stack(0x0000006195700000,0x0000006195800000)]
  0x0000024f3184caf0 JavaThread "Daemon" [_thread_blocked, id=4756, stack(0x0000006195800000,0x0000006195900000)]
  0x0000024f3006c830 JavaThread "Handler for socket connection from /127.0.0.1:50981 to /127.0.0.1:50982" [_thread_in_native, id=14476, stack(0x0000006195900000,0x0000006195a00000)]
  0x0000024f312cec50 JavaThread "Cancel handler" [_thread_blocked, id=19356, stack(0x0000006195a00000,0x0000006195b00000)]
  0x0000024f312cdde0 JavaThread "Daemon worker" [_thread_blocked, id=19724, stack(0x0000006195b00000,0x0000006195c00000)]
  0x0000024f312ce2b0 JavaThread "Asynchronous log dispatcher for DefaultDaemonConnection: socket connection from /127.0.0.1:50981 to /127.0.0.1:50982" [_thread_blocked, id=8820, stack(0x0000006195c00000,0x0000006195d00000)]
  0x0000024f312cbc30 JavaThread "Stdin handler" [_thread_blocked, id=12672, stack(0x0000006195d00000,0x0000006195e00000)]
  0x0000024f312cb760 JavaThread "Daemon client event forwarder" [_thread_blocked, id=20100, stack(0x0000006195e00000,0x0000006195f00000)]
  0x0000024f312cb290 JavaThread "Cache worker for journal cache (C:\Users\VU\.gradle\caches\journal-1)" [_thread_blocked, id=18248, stack(0x0000006195f00000,0x0000006196000000)]
  0x0000024f312cc5d0 JavaThread "File lock request listener" [_thread_in_native, id=14848, stack(0x0000006196000000,0x0000006196100000)]
  0x0000024f312ce780 JavaThread "Cache worker for file hash cache (C:\Users\VU\.gradle\caches\7.5.1\fileHashes)" [_thread_blocked, id=15660, stack(0x0000006195100000,0x0000006195200000)]
  0x0000024f312ccaa0 JavaThread "File watcher server" daemon [_thread_in_native, id=6920, stack(0x0000006196200000,0x0000006196300000)]
  0x0000024f312cc100 JavaThread "File watcher consumer" daemon [_thread_blocked, id=19588, stack(0x0000006196300000,0x0000006196400000)]
  0x0000024f312ccf70 JavaThread "Cache worker for checksums cache (D:\FPTPolytechnic\MOB306_CrossPlatform\Assignment\PS24414_TranAnhVu_Assignment\android\.gradle\7.5.1\checksums)" [_thread_blocked, id=15396, stack(0x0000006196400000,0x0000006196500000)]
  0x0000024f312cd440 JavaThread "Cache worker for cache directory md-rule (C:\Users\VU\.gradle\caches\7.5.1\md-rule)" [_thread_blocked, id=20764, stack(0x0000006196500000,0x0000006196600000)]
  0x0000024f312cd910 JavaThread "Cache worker for file content cache (C:\Users\VU\.gradle\caches\7.5.1\fileContent)" [_thread_blocked, id=21388, stack(0x0000006196600000,0x0000006196700000)]
  0x0000024f31bdf3c0 JavaThread "Cache worker for file hash cache (D:\FPTPolytechnic\MOB306_CrossPlatform\Assignment\PS24414_TranAnhVu_Assignment\android\.gradle\7.5.1\fileHashes)" [_thread_blocked, id=13596, stack(0x0000006196700000,0x0000006196800000)]
  0x0000024f31bdf890 JavaThread "Cache worker for cache directory md-supplier (C:\Users\VU\.gradle\caches\7.5.1\md-supplier)" [_thread_blocked, id=19000, stack(0x0000006196800000,0x0000006196900000)]
  0x0000024f31be1a40 JavaThread "Cache worker for execution history cache (C:\Users\VU\.gradle\caches\7.5.1\executionHistory)" [_thread_blocked, id=3868, stack(0x0000006196900000,0x0000006196a00000)]
  0x0000024f31bddbb0 JavaThread "jar transforms" [_thread_blocked, id=8164, stack(0x0000006196a00000,0x0000006196b00000)]
  0x0000024f31bdd210 JavaThread "jar transforms Thread 2" [_thread_blocked, id=1916, stack(0x0000006196b00000,0x0000006196c00000)]
  0x0000024f31bdfd60 JavaThread "jar transforms Thread 3" [_thread_blocked, id=1824, stack(0x0000006196c00000,0x0000006196d00000)]
  0x0000024f31be0230 JavaThread "jar transforms Thread 4" [_thread_blocked, id=15308, stack(0x0000006196d00000,0x0000006196e00000)]
  0x0000024f31be10a0 JavaThread "Cache worker for kotlin-dsl (C:\Users\VU\.gradle\caches\7.5.1\kotlin-dsl)" [_thread_blocked, id=1184, stack(0x0000006196e00000,0x0000006196f00000)]
  0x0000024f31be0bd0 JavaThread "Cache worker for dependencies-accessors (D:\FPTPolytechnic\MOB306_CrossPlatform\Assignment\PS24414_TranAnhVu_Assignment\android\.gradle\7.5.1\dependencies-accessors)" [_thread_blocked, id=1228, stack(0x0000006196f00000,0x0000006197000000)]
  0x0000024f31bde080 JavaThread "Cache worker for Build Output Cleanup Cache (D:\FPTPolytechnic\MOB306_CrossPlatform\Assignment\PS24414_TranAnhVu_Assignment\node_modules\react-native-gradle-plugin\.gradle\buildOutputCleanup)" [_thread_blocked, id=22032, stack(0x0000006197000000,0x0000006197100000)]
  0x0000024f31be23e0 JavaThread "Unconstrained build operations" [_thread_blocked, id=12172, stack(0x0000006197100000,0x0000006197200000)]
  0x0000024f31be28b0 JavaThread "Unconstrained build operations Thread 2" [_thread_blocked, id=13516, stack(0x0000006197200000,0x0000006197300000)]
  0x0000024f31bdc870 JavaThread "Unconstrained build operations Thread 3" [_thread_blocked, id=20372, stack(0x0000006197300000,0x0000006197400000)]
  0x0000024f31be1570 JavaThread "Unconstrained build operations Thread 4" [_thread_blocked, id=21936, stack(0x0000006197400000,0x0000006197500000)]
  0x0000024f31bde550 JavaThread "Unconstrained build operations Thread 5" [_thread_blocked, id=3236, stack(0x0000006197500000,0x0000006197600000)]
  0x0000024f31bdb060 JavaThread "Unconstrained build operations Thread 6" [_thread_blocked, id=17272, stack(0x0000006197600000,0x0000006197700000)]
  0x0000024f31bdb530 JavaThread "Unconstrained build operations Thread 7" [_thread_blocked, id=1912, stack(0x0000006197700000,0x0000006197800000)]
  0x0000024f31bdea20 JavaThread "Unconstrained build operations Thread 8" [_thread_blocked, id=19728, stack(0x0000006197800000,0x0000006197900000)]
  0x0000024f31bdba00 JavaThread "Unconstrained build operations Thread 9" [_thread_blocked, id=13732, stack(0x0000006197900000,0x0000006197a00000)]
  0x0000024f31bdbed0 JavaThread "Unconstrained build operations Thread 10" [_thread_blocked, id=16360, stack(0x0000006197a00000,0x0000006197b00000)]
  0x0000024f31bdeef0 JavaThread "Unconstrained build operations Thread 11" [_thread_blocked, id=15420, stack(0x0000006197b00000,0x0000006197c00000)]
  0x0000024f30171490 JavaThread "Unconstrained build operations Thread 12" [_thread_blocked, id=17648, stack(0x0000006197c00000,0x0000006197d00000)]
  0x0000024f30175320 JavaThread "Unconstrained build operations Thread 13" [_thread_blocked, id=21580, stack(0x0000006197d00000,0x0000006197e00000)]
  0x0000024f3016fc80 JavaThread "Unconstrained build operations Thread 14" [_thread_blocked, id=7904, stack(0x0000006197e00000,0x0000006197f00000)]
  0x0000024f30176660 JavaThread "Unconstrained build operations Thread 15" [_thread_blocked, id=14536, stack(0x0000006197f00000,0x0000006198000000)]
  0x0000024f301757f0 JavaThread "Unconstrained build operations Thread 16" [_thread_blocked, id=952, stack(0x0000006198000000,0x0000006198100000)]
  0x0000024f30171960 JavaThread "Unconstrained build operations Thread 17" [_thread_blocked, id=22064, stack(0x0000006198100000,0x0000006198200000)]
  0x0000024f3016f7b0 JavaThread "Unconstrained build operations Thread 18" [_thread_blocked, id=12544, stack(0x0000006198200000,0x0000006198300000)]
  0x0000024f30170af0 JavaThread "Unconstrained build operations Thread 19" [_thread_blocked, id=14968, stack(0x0000006198300000,0x0000006198400000)]
  0x0000024f30175cc0 JavaThread "Unconstrained build operations Thread 20" [_thread_blocked, id=17624, stack(0x0000006198400000,0x0000006198500000)]
  0x0000024f30170fc0 JavaThread "Unconstrained build operations Thread 21" [_thread_blocked, id=14648, stack(0x0000006198500000,0x0000006198600000)]
  0x0000024f30176190 JavaThread "Unconstrained build operations Thread 22" [_thread_blocked, id=3892, stack(0x0000006198600000,0x0000006198700000)]
  0x0000024f30171e30 JavaThread "Unconstrained build operations Thread 23" [_thread_blocked, id=14176, stack(0x0000006198700000,0x0000006198800000)]
  0x0000024f30176b30 JavaThread "Unconstrained build operations Thread 24" [_thread_blocked, id=7616, stack(0x0000006198800000,0x0000006198900000)]
  0x0000024f30173640 JavaThread "Unconstrained build operations Thread 25" [_thread_blocked, id=20748, stack(0x0000006198900000,0x0000006198a00000)]
  0x0000024f30174e50 JavaThread "Unconstrained build operations Thread 26" [_thread_blocked, id=5300, stack(0x0000006198a00000,0x0000006198b00000)]
  0x0000024f30173fe0 JavaThread "Unconstrained build operations Thread 27" [_thread_blocked, id=5024, stack(0x0000006198b00000,0x0000006198c00000)]
  0x0000024f30177000 JavaThread "Unconstrained build operations Thread 28" [_thread_blocked, id=17352, stack(0x0000006198c00000,0x0000006198d00000)]
  0x0000024f301744b0 JavaThread "Unconstrained build operations Thread 29" [_thread_blocked, id=2276, stack(0x0000006198d00000,0x0000006198e00000)]
  0x0000024f30170150 JavaThread "Unconstrained build operations Thread 30" [_thread_blocked, id=5224, stack(0x0000006198e00000,0x0000006198f00000)]
  0x0000024f30170620 JavaThread "Unconstrained build operations Thread 31" [_thread_blocked, id=17888, stack(0x0000006198f00000,0x0000006199000000)]
  0x0000024f301727d0 JavaThread "Unconstrained build operations Thread 32" [_thread_blocked, id=21608, stack(0x0000006199000000,0x0000006199100000)]
  0x0000024f30174980 JavaThread "Unconstrained build operations Thread 33" [_thread_blocked, id=12524, stack(0x0000006199100000,0x0000006199200000)]
  0x0000024f30172300 JavaThread "build event listener" [_thread_blocked, id=10920, stack(0x0000006199200000,0x0000006199300000)]
  0x0000024f30172ca0 JavaThread "Memory manager" [_thread_blocked, id=1380, stack(0x0000006199300000,0x0000006199400000)]
  0x0000024f30173170 JavaThread "File lock release action executor" [_thread_blocked, id=7360, stack(0x0000006199400000,0x0000006199500000)]
  0x0000024f31149780 JavaThread "Cache worker for Build Output Cleanup Cache (D:\FPTPolytechnic\MOB306_CrossPlatform\Assignment\PS24414_TranAnhVu_Assignment\android\.gradle\buildOutputCleanup)" [_thread_blocked, id=22304, stack(0x0000006199500000,0x0000006199600000)]
  0x0000024f31145dc0 JavaThread "included builds" [_thread_blocked, id=12952, stack(0x0000006199600000,0x0000006199700000)]
  0x0000024f31143c10 JavaThread "Execution worker" [_thread_blocked, id=984, stack(0x0000006199700000,0x0000006199800000)]
  0x0000024f31143270 JavaThread "Execution worker Thread 2" [_thread_blocked, id=3052, stack(0x0000006199800000,0x0000006199900000)]
  0x0000024f31148910 JavaThread "Execution worker Thread 3" [_thread_blocked, id=6140, stack(0x0000006199900000,0x0000006199a00000)]
  0x0000024f31149c50 JavaThread "Cache worker for execution history cache (D:\FPTPolytechnic\MOB306_CrossPlatform\Assignment\PS24414_TranAnhVu_Assignment\node_modules\react-native-gradle-plugin\.gradle\7.5.1\executionHistory)" [_thread_blocked, id=11792, stack(0x0000006199a00000,0x0000006199b00000)]
  0x0000024f3114a120 JavaThread "Unconstrained build operations Thread 34" [_thread_blocked, id=16868, stack(0x0000006199b00000,0x0000006199c00000)]
  0x0000024f31147f70 JavaThread "Unconstrained build operations Thread 35" [_thread_blocked, id=17544, stack(0x0000006199c00000,0x0000006199d00000)]
  0x0000024f31148440 JavaThread "Unconstrained build operations Thread 36" [_thread_blocked, id=12008, stack(0x0000006199d00000,0x0000006199e00000)]
  0x0000024f31148de0 JavaThread "Unconstrained build operations Thread 37" [_thread_blocked, id=10076, stack(0x0000006199e00000,0x0000006199f00000)]
  0x0000024f31144f50 JavaThread "Unconstrained build operations Thread 38" [_thread_blocked, id=1752, stack(0x0000006199f00000,0x000000619a000000)]
  0x0000024f31144a80 JavaThread "Unconstrained build operations Thread 39" [_thread_blocked, id=3396, stack(0x000000619a000000,0x000000619a100000)]
  0x0000024f311492b0 JavaThread "Unconstrained build operations Thread 40" [_thread_blocked, id=6728, stack(0x000000619a100000,0x000000619a200000)]
  0x0000024f2f184620 JavaThread "C2 CompilerThread1" daemon [_thread_in_native, id=20828, stack(0x0000006196100000,0x0000006196200000)]

Other Threads:
=>0x0000024f2e783580 VMThread "VM Thread" [stack: 0x0000006194400000,0x0000006194500000] [id=17628]
  0x0000024f10f13dc0 WatcherThread [stack: 0x0000006195000000,0x0000006195100000] [id=3004]
  0x0000024f10efad40 GCTaskThread "GC Thread#0" [stack: 0x0000006193f00000,0x0000006194000000] [id=8332]
  0x0000024f2f63f320 GCTaskThread "GC Thread#1" [stack: 0x0000006195200000,0x0000006195300000] [id=8704]
  0x0000024f2f63f5d0 GCTaskThread "GC Thread#2" [stack: 0x0000006195300000,0x0000006195400000] [id=16312]
  0x0000024f2f56dbf0 GCTaskThread "GC Thread#3" [stack: 0x0000006195400000,0x0000006195500000] [id=12416]
  0x0000024f10f0bb20 ConcurrentGCThread "G1 Main Marker" [stack: 0x0000006194000000,0x0000006194100000] [id=21028]
  0x0000024f10f0c3d0 ConcurrentGCThread "G1 Conc#0" [stack: 0x0000006194100000,0x0000006194200000] [id=8096]
  0x0000024f2e640530 ConcurrentGCThread "G1 Refine#0" [stack: 0x0000006194200000,0x0000006194300000] [id=17616]
  0x0000024f2e640c00 ConcurrentGCThread "G1 Service" [stack: 0x0000006194300000,0x0000006194400000] [id=18004]

Threads with active compile tasks:
C2 CompilerThread0    31722 13443       4       java.util.regex.Pattern$CharPropertyGreedy::match (160 bytes)
C2 CompilerThread1    31722 13397       4       org.gradle.api.internal.artifacts.configurations.DefaultConfiguration::collectSuperConfigs (61 bytes)

VM state: at safepoint (normal execution)

VM Mutex/Monitor currently owned by a thread:  ([mutex/lock_event])
[0x0000024f10eb7e80] Threads_lock - owner thread: 0x0000024f2e783580
[0x0000024f10eb76a0] Heap_lock - owner thread: 0x0000024f312cdde0

Heap address: 0x0000000080000000, size: 2048 MB, Compressed Oops mode: 32-bit

CDS archive(s) mapped at: [0x0000000800000000-0x0000000800bc0000-0x0000000800bc0000), size 12320768, SharedBaseAddress: 0x0000000800000000, ArchiveRelocationMode: 0.
Compressed class space mapped at: 0x0000000800c00000-0x000000081a800000, reserved size: 432013312
Narrow klass base: 0x0000000800000000, Narrow klass shift: 0, Narrow klass range: 0x100000000

GC Precious Log:
 CPUs: 4 total, 4 available
 Memory: 16066M
 Large Page Support: Disabled
 NUMA Support: Disabled
 Compressed Oops: Enabled (32-bit)
 Heap Region Size: 1M
 Heap Min Capacity: 8M
 Heap Initial Capacity: 252M
 Heap Max Capacity: 2G
 Pre-touch: Disabled
 Parallel Workers: 4
 Concurrent Workers: 1
 Concurrent Refinement Workers: 4
 Periodic GC: Disabled

Heap:
 garbage-first heap   total 214016K, used 141240K [0x0000000080000000, 0x0000000100000000)
  region size 1024K, 5 young (5120K), 5 survivors (5120K)
 Metaspace       used 95900K, committed 96896K, reserved 512000K
  class space    used 13197K, committed 13632K, reserved 421888K

Heap Regions: E=young(eden), S=young(survivor), O=old, HS=humongous(starts), HC=humongous(continues), CS=collection set, F=free, OA=open archive, CA=closed archive, TAMS=top-at-mark-start (previous, next)
|   0|0x0000000080000000, 0x0000000080100000, 0x0000000080100000|100%|HS|  |TAMS 0x0000000080100000, 0x0000000080000000| Complete 
|   1|0x0000000080100000, 0x0000000080200000, 0x0000000080200000|100%|HC|  |TAMS 0x0000000080200000, 0x0000000080100000| Complete 
|   2|0x0000000080200000, 0x0000000080300000, 0x0000000080300000|100%|HC|  |TAMS 0x0000000080300000, 0x0000000080200000| Complete 
|   3|0x0000000080300000, 0x0000000080400000, 0x0000000080400000|100%| O|  |TAMS 0x0000000080400000, 0x0000000080300000| Untracked 
|   4|0x0000000080400000, 0x0000000080500000, 0x0000000080500000|100%| O|  |TAMS 0x0000000080500000, 0x0000000080400000| Untracked 
|   5|0x0000000080500000, 0x0000000080600000, 0x0000000080600000|100%| O|  |TAMS 0x0000000080600000, 0x0000000080500000| Untracked 
|   6|0x0000000080600000, 0x0000000080700000, 0x0000000080700000|100%| O|  |TAMS 0x0000000080700000, 0x0000000080600000| Untracked 
|   7|0x0000000080700000, 0x0000000080800000, 0x0000000080800000|100%| O|  |TAMS 0x0000000080800000, 0x0000000080700000| Untracked 
|   8|0x0000000080800000, 0x0000000080900000, 0x0000000080900000|100%| O|  |TAMS 0x0000000080900000, 0x0000000080800000| Untracked 
|   9|0x0000000080900000, 0x0000000080a00000, 0x0000000080a00000|100%| O|  |TAMS 0x0000000080a00000, 0x0000000080900000| Untracked 
|  10|0x0000000080a00000, 0x0000000080b00000, 0x0000000080b00000|100%| O|  |TAMS 0x0000000080b00000, 0x0000000080a00000| Untracked 
|  11|0x0000000080b00000, 0x0000000080c00000, 0x0000000080c00000|100%| O|  |TAMS 0x0000000080c00000, 0x0000000080b00000| Untracked 
|  12|0x0000000080c00000, 0x0000000080d00000, 0x0000000080d00000|100%| O|  |TAMS 0x0000000080d00000, 0x0000000080c00000| Untracked 
|  13|0x0000000080d00000, 0x0000000080e00000, 0x0000000080e00000|100%| O|  |TAMS 0x0000000080e00000, 0x0000000080d00000| Untracked 
|  14|0x0000000080e00000, 0x0000000080f00000, 0x0000000080f00000|100%| O|  |TAMS 0x0000000080f00000, 0x0000000080e00000| Untracked 
|  15|0x0000000080f00000, 0x0000000081000000, 0x0000000081000000|100%| O|  |TAMS 0x0000000081000000, 0x0000000080f00000| Untracked 
|  16|0x0000000081000000, 0x0000000081100000, 0x0000000081100000|100%| O|  |TAMS 0x0000000081100000, 0x0000000081000000| Untracked 
|  17|0x0000000081100000, 0x0000000081200000, 0x0000000081200000|100%| O|  |TAMS 0x0000000081200000, 0x0000000081100000| Untracked 
|  18|0x0000000081200000, 0x0000000081300000, 0x0000000081300000|100%| O|  |TAMS 0x0000000081300000, 0x0000000081200000| Untracked 
|  19|0x0000000081300000, 0x0000000081400000, 0x0000000081400000|100%| O|  |TAMS 0x0000000081400000, 0x0000000081300000| Untracked 
|  20|0x0000000081400000, 0x0000000081500000, 0x0000000081500000|100%| O|  |TAMS 0x0000000081500000, 0x0000000081400000| Untracked 
|  21|0x0000000081500000, 0x0000000081600000, 0x0000000081600000|100%| O|  |TAMS 0x0000000081600000, 0x0000000081500000| Untracked 
|  22|0x0000000081600000, 0x0000000081700000, 0x0000000081700000|100%| O|  |TAMS 0x0000000081700000, 0x0000000081600000| Untracked 
|  23|0x0000000081700000, 0x0000000081800000, 0x0000000081800000|100%| O|  |TAMS 0x0000000081800000, 0x0000000081700000| Untracked 
|  24|0x0000000081800000, 0x0000000081900000, 0x0000000081900000|100%| O|  |TAMS 0x0000000081900000, 0x0000000081800000| Untracked 
|  25|0x0000000081900000, 0x0000000081a00000, 0x0000000081a00000|100%| O|  |TAMS 0x0000000081a00000, 0x0000000081900000| Untracked 
|  26|0x0000000081a00000, 0x0000000081b00000, 0x0000000081b00000|100%|HS|  |TAMS 0x0000000081a00000, 0x0000000081a00000| Complete 
|  27|0x0000000081b00000, 0x0000000081c00000, 0x0000000081c00000|100%| O|  |TAMS 0x0000000081c00000, 0x0000000081b00000| Untracked 
|  28|0x0000000081c00000, 0x0000000081d00000, 0x0000000081d00000|100%| O|  |TAMS 0x0000000081d00000, 0x0000000081c00000| Untracked 
|  29|0x0000000081d00000, 0x0000000081e00000, 0x0000000081e00000|100%| O|  |TAMS 0x0000000081e00000, 0x0000000081d00000| Untracked 
|  30|0x0000000081e00000, 0x0000000081f00000, 0x0000000081f00000|100%|HS|  |TAMS 0x0000000081f00000, 0x0000000081e00000| Complete 
|  31|0x0000000081f00000, 0x0000000082000000, 0x0000000082000000|100%| O|  |TAMS 0x0000000082000000, 0x0000000081f00000| Untracked 
|  32|0x0000000082000000, 0x0000000082100000, 0x0000000082100000|100%| O|  |TAMS 0x0000000082100000, 0x0000000082000000| Untracked 
|  33|0x0000000082100000, 0x0000000082200000, 0x0000000082200000|100%|HS|  |TAMS 0x0000000082200000, 0x0000000082100000| Complete 
|  34|0x0000000082200000, 0x0000000082300000, 0x0000000082300000|100%|HC|  |TAMS 0x0000000082300000, 0x0000000082200000| Complete 
|  35|0x0000000082300000, 0x0000000082400000, 0x0000000082400000|100%|HC|  |TAMS 0x0000000082400000, 0x0000000082300000| Complete 
|  36|0x0000000082400000, 0x0000000082500000, 0x0000000082500000|100%| O|  |TAMS 0x0000000082500000, 0x0000000082400000| Untracked 
|  37|0x0000000082500000, 0x0000000082600000, 0x0000000082600000|100%| O|  |TAMS 0x0000000082600000, 0x0000000082500000| Untracked 
|  38|0x0000000082600000, 0x0000000082700000, 0x0000000082700000|100%| O|  |TAMS 0x0000000082700000, 0x0000000082600000| Untracked 
|  39|0x0000000082700000, 0x0000000082800000, 0x0000000082800000|100%| O|  |TAMS 0x0000000082800000, 0x0000000082700000| Untracked 
|  40|0x0000000082800000, 0x0000000082900000, 0x0000000082900000|100%| O|  |TAMS 0x0000000082900000, 0x0000000082800000| Untracked 
|  41|0x0000000082900000, 0x0000000082a00000, 0x0000000082a00000|100%| O|  |TAMS 0x0000000082a00000, 0x0000000082900000| Untracked 
|  42|0x0000000082a00000, 0x0000000082b00000, 0x0000000082b00000|100%| O|  |TAMS 0x0000000082b00000, 0x0000000082a00000| Untracked 
|  43|0x0000000082b00000, 0x0000000082c00000, 0x0000000082c00000|100%| O|  |TAMS 0x0000000082c00000, 0x0000000082b00000| Untracked 
|  44|0x0000000082c00000, 0x0000000082d00000, 0x0000000082d00000|100%| O|  |TAMS 0x0000000082d00000, 0x0000000082c00000| Untracked 
|  45|0x0000000082d00000, 0x0000000082e00000, 0x0000000082e00000|100%| O|  |TAMS 0x0000000082e00000, 0x0000000082d00000| Untracked 
|  46|0x0000000082e00000, 0x0000000082f00000, 0x0000000082f00000|100%| O|  |TAMS 0x0000000082f00000, 0x0000000082e00000| Untracked 
|  47|0x0000000082f00000, 0x0000000083000000, 0x0000000083000000|100%| O|  |TAMS 0x0000000083000000, 0x0000000082f00000| Untracked 
|  48|0x0000000083000000, 0x0000000083100000, 0x0000000083100000|100%| O|  |TAMS 0x0000000083100000, 0x0000000083000000| Untracked 
|  49|0x0000000083100000, 0x0000000083200000, 0x0000000083200000|100%| O|  |TAMS 0x0000000083100000, 0x0000000083100000| Untracked 
|  50|0x0000000083200000, 0x0000000083300000, 0x0000000083300000|100%| O|  |TAMS 0x0000000083300000, 0x0000000083200000| Untracked 
|  51|0x0000000083300000, 0x0000000083400000, 0x0000000083400000|100%| O|  |TAMS 0x0000000083400000, 0x0000000083300000| Untracked 
|  52|0x0000000083400000, 0x0000000083500000, 0x0000000083500000|100%| O|  |TAMS 0x0000000083500000, 0x0000000083400000| Untracked 
|  53|0x0000000083500000, 0x0000000083600000, 0x0000000083600000|100%|HS|  |TAMS 0x0000000083600000, 0x0000000083500000| Complete 
|  54|0x0000000083600000, 0x0000000083700000, 0x0000000083700000|100%|HS|  |TAMS 0x0000000083700000, 0x0000000083600000| Complete 
|  55|0x0000000083700000, 0x0000000083800000, 0x0000000083800000|100%| O|  |TAMS 0x0000000083800000, 0x0000000083700000| Untracked 
|  56|0x0000000083800000, 0x0000000083900000, 0x0000000083900000|100%| O|  |TAMS 0x0000000083900000, 0x0000000083800000| Untracked 
|  57|0x0000000083900000, 0x0000000083a00000, 0x0000000083a00000|100%|HS|  |TAMS 0x0000000083a00000, 0x0000000083900000| Complete 
|  58|0x0000000083a00000, 0x0000000083b00000, 0x0000000083b00000|100%|HC|  |TAMS 0x0000000083b00000, 0x0000000083a00000| Complete 
|  59|0x0000000083b00000, 0x0000000083c00000, 0x0000000083c00000|100%| O|  |TAMS 0x0000000083c00000, 0x0000000083b00000| Untracked 
|  60|0x0000000083c00000, 0x0000000083d00000, 0x0000000083d00000|100%| O|  |TAMS 0x0000000083d00000, 0x0000000083c00000| Untracked 
|  61|0x0000000083d00000, 0x0000000083e00000, 0x0000000083e00000|100%| O|  |TAMS 0x0000000083e00000, 0x0000000083d00000| Untracked 
|  62|0x0000000083e00000, 0x0000000083f00000, 0x0000000083f00000|100%| O|  |TAMS 0x0000000083f00000, 0x0000000083e00000| Untracked 
|  63|0x0000000083f00000, 0x0000000084000000, 0x0000000084000000|100%| O|  |TAMS 0x0000000084000000, 0x0000000083f00000| Untracked 
|  64|0x0000000084000000, 0x0000000084100000, 0x0000000084100000|100%| O|  |TAMS 0x0000000084100000, 0x0000000084000000| Untracked 
|  65|0x0000000084100000, 0x0000000084200000, 0x0000000084200000|100%| O|  |TAMS 0x0000000084200000, 0x0000000084100000| Untracked 
|  66|0x0000000084200000, 0x0000000084300000, 0x0000000084300000|100%| O|  |TAMS 0x0000000084300000, 0x0000000084200000| Untracked 
|  67|0x0000000084300000, 0x0000000084400000, 0x0000000084400000|100%| O|  |TAMS 0x0000000084400000, 0x0000000084300000| Untracked 
|  68|0x0000000084400000, 0x0000000084500000, 0x0000000084500000|100%| O|  |TAMS 0x0000000084500000, 0x0000000084400000| Untracked 
|  69|0x0000000084500000, 0x0000000084600000, 0x0000000084600000|100%| O|  |TAMS 0x0000000084600000, 0x0000000084500000| Untracked 
|  70|0x0000000084600000, 0x0000000084700000, 0x0000000084700000|100%| O|  |TAMS 0x0000000084700000, 0x0000000084600000| Untracked 
|  71|0x0000000084700000, 0x0000000084800000, 0x0000000084800000|100%| O|  |TAMS 0x0000000084800000, 0x0000000084700000| Untracked 
|  72|0x0000000084800000, 0x0000000084900000, 0x0000000084900000|100%| O|  |TAMS 0x0000000084900000, 0x0000000084800000| Untracked 
|  73|0x0000000084900000, 0x0000000084a00000, 0x0000000084a00000|100%| O|  |TAMS 0x0000000084a00000, 0x0000000084900000| Untracked 
|  74|0x0000000084a00000, 0x0000000084b00000, 0x0000000084b00000|100%| O|  |TAMS 0x0000000084b00000, 0x0000000084a00000| Untracked 
|  75|0x0000000084b00000, 0x0000000084c00000, 0x0000000084c00000|100%| O|  |TAMS 0x0000000084c00000, 0x0000000084b00000| Untracked 
|  76|0x0000000084c00000, 0x0000000084d00000, 0x0000000084d00000|100%| O|  |TAMS 0x0000000084d00000, 0x0000000084c00000| Untracked 
|  77|0x0000000084d00000, 0x0000000084e00000, 0x0000000084e00000|100%| O|  |TAMS 0x0000000084e00000, 0x0000000084d00000| Untracked 
|  78|0x0000000084e00000, 0x0000000084f00000, 0x0000000084f00000|100%| O|  |TAMS 0x0000000084f00000, 0x0000000084e00000| Untracked 
|  79|0x0000000084f00000, 0x0000000085000000, 0x0000000085000000|100%| O|  |TAMS 0x0000000085000000, 0x0000000084f00000| Untracked 
|  80|0x0000000085000000, 0x0000000085100000, 0x0000000085100000|100%|HS|  |TAMS 0x0000000085100000, 0x0000000085000000| Complete 
|  81|0x0000000085100000, 0x0000000085200000, 0x0000000085200000|100%|HS|  |TAMS 0x0000000085200000, 0x0000000085100000| Complete 
|  82|0x0000000085200000, 0x0000000085300000, 0x0000000085300000|100%|HS|  |TAMS 0x0000000085300000, 0x0000000085200000| Complete 
|  83|0x0000000085300000, 0x0000000085400000, 0x0000000085400000|100%|HC|  |TAMS 0x0000000085400000, 0x0000000085300000| Complete 
|  84|0x0000000085400000, 0x0000000085500000, 0x0000000085500000|100%|HC|  |TAMS 0x0000000085500000, 0x0000000085400000| Complete 
|  85|0x0000000085500000, 0x0000000085600000, 0x0000000085600000|100%|HS|  |TAMS 0x0000000085600000, 0x0000000085500000| Complete 
|  86|0x0000000085600000, 0x0000000085700000, 0x0000000085700000|100%|HS|  |TAMS 0x0000000085700000, 0x0000000085600000| Complete 
|  87|0x0000000085700000, 0x0000000085800000, 0x0000000085800000|100%|HC|  |TAMS 0x0000000085800000, 0x0000000085700000| Complete 
|  88|0x0000000085800000, 0x0000000085900000, 0x0000000085900000|100%|HC|  |TAMS 0x0000000085900000, 0x0000000085800000| Complete 
|  89|0x0000000085900000, 0x0000000085a00000, 0x0000000085a00000|100%| O|  |TAMS 0x0000000085a00000, 0x0000000085900000| Untracked 
|  90|0x0000000085a00000, 0x0000000085b00000, 0x0000000085b00000|100%| O|  |TAMS 0x0000000085b00000, 0x0000000085a00000| Untracked 
|  91|0x0000000085b00000, 0x0000000085c00000, 0x0000000085c00000|100%| O|  |TAMS 0x0000000085c00000, 0x0000000085b00000| Untracked 
|  92|0x0000000085c00000, 0x0000000085d00000, 0x0000000085d00000|100%| O|  |TAMS 0x0000000085d00000, 0x0000000085c00000| Untracked 
|  93|0x0000000085d00000, 0x0000000085e00000, 0x0000000085e00000|100%| O|  |TAMS 0x0000000085e00000, 0x0000000085d00000| Untracked 
|  94|0x0000000085e00000, 0x0000000085f00000, 0x0000000085f00000|100%| O|  |TAMS 0x0000000085f00000, 0x0000000085e00000| Untracked 
|  95|0x0000000085f00000, 0x0000000086000000, 0x0000000086000000|100%| O|  |TAMS 0x0000000086000000, 0x0000000085f00000| Untracked 
|  96|0x0000000086000000, 0x0000000086100000, 0x0000000086100000|100%| O|  |TAMS 0x0000000086100000, 0x0000000086000000| Untracked 
|  97|0x0000000086100000, 0x0000000086200000, 0x0000000086200000|100%| O|  |TAMS 0x0000000086200000, 0x0000000086100000| Untracked 
|  98|0x0000000086200000, 0x0000000086300000, 0x0000000086300000|100%| O|  |TAMS 0x0000000086300000, 0x0000000086200000| Untracked 
|  99|0x0000000086300000, 0x0000000086400000, 0x0000000086400000|100%| O|  |TAMS 0x0000000086400000, 0x0000000086300000| Untracked 
| 100|0x0000000086400000, 0x0000000086500000, 0x0000000086500000|100%| O|  |TAMS 0x0000000086500000, 0x0000000086400000| Untracked 
| 101|0x0000000086500000, 0x0000000086600000, 0x0000000086600000|100%| O|  |TAMS 0x0000000086600000, 0x0000000086500000| Untracked 
| 102|0x0000000086600000, 0x0000000086700000, 0x0000000086700000|100%| O|  |TAMS 0x0000000086700000, 0x0000000086600000| Untracked 
| 103|0x0000000086700000, 0x0000000086800000, 0x0000000086800000|100%| O|  |TAMS 0x0000000086800000, 0x0000000086700000| Untracked 
| 104|0x0000000086800000, 0x0000000086900000, 0x0000000086900000|100%| O|  |TAMS 0x0000000086900000, 0x0000000086800000| Untracked 
| 105|0x0000000086900000, 0x0000000086a00000, 0x0000000086a00000|100%| O|  |TAMS 0x0000000086951e00, 0x0000000086900000| Untracked 
| 106|0x0000000086a00000, 0x0000000086b00000, 0x0000000086b00000|100%|HS|  |TAMS 0x0000000086a00000, 0x0000000086a00000| Complete 
| 107|0x0000000086b00000, 0x0000000086c00000, 0x0000000086c00000|100%|HC|  |TAMS 0x0000000086b00000, 0x0000000086b00000| Complete 
| 108|0x0000000086c00000, 0x0000000086d00000, 0x0000000086d00000|100%|HC|  |TAMS 0x0000000086c00000, 0x0000000086c00000| Complete 
| 109|0x0000000086d00000, 0x0000000086e00000, 0x0000000086e00000|100%| O|  |TAMS 0x0000000086d00000, 0x0000000086d00000| Untracked 
| 110|0x0000000086e00000, 0x0000000086f00000, 0x0000000086f00000|100%| O|  |TAMS 0x0000000086e00000, 0x0000000086e00000| Untracked 
| 111|0x0000000086f00000, 0x0000000087000000, 0x0000000087000000|100%| O|  |TAMS 0x0000000086f00000, 0x0000000086f00000| Untracked 
| 112|0x0000000087000000, 0x0000000087100000, 0x0000000087100000|100%| O|  |TAMS 0x0000000087000000, 0x0000000087000000| Untracked 
| 113|0x0000000087100000, 0x0000000087200000, 0x0000000087200000|100%| O|  |TAMS 0x0000000087100000, 0x0000000087100000| Untracked 
| 114|0x0000000087200000, 0x0000000087300000, 0x0000000087300000|100%| O|  |TAMS 0x0000000087200000, 0x0000000087200000| Untracked 
| 115|0x0000000087300000, 0x0000000087400000, 0x0000000087400000|100%| O|  |TAMS 0x0000000087300000, 0x0000000087300000| Untracked 
| 116|0x0000000087400000, 0x0000000087500000, 0x0000000087500000|100%| O|  |TAMS 0x0000000087400000, 0x0000000087400000| Untracked 
| 117|0x0000000087500000, 0x0000000087600000, 0x0000000087600000|100%| O|  |TAMS 0x0000000087500000, 0x0000000087500000| Untracked 
| 118|0x0000000087600000, 0x0000000087700000, 0x0000000087700000|100%| O|  |TAMS 0x0000000087600000, 0x0000000087600000| Untracked 
| 119|0x0000000087700000, 0x0000000087800000, 0x0000000087800000|100%| O|  |TAMS 0x0000000087700000, 0x0000000087700000| Untracked 
| 120|0x0000000087800000, 0x0000000087900000, 0x0000000087900000|100%| O|  |TAMS 0x0000000087800000, 0x0000000087800000| Untracked 
| 121|0x0000000087900000, 0x0000000087a00000, 0x0000000087a00000|100%| O|  |TAMS 0x0000000087900000, 0x0000000087900000| Untracked 
| 122|0x0000000087a00000, 0x0000000087b00000, 0x0000000087b00000|100%| O|  |TAMS 0x0000000087a00000, 0x0000000087a00000| Untracked 
| 123|0x0000000087b00000, 0x0000000087c00000, 0x0000000087c00000|100%| O|  |TAMS 0x0000000087b00000, 0x0000000087b00000| Untracked 
| 124|0x0000000087c00000, 0x0000000087d00000, 0x0000000087d00000|100%| O|  |TAMS 0x0000000087c00000, 0x0000000087c00000| Untracked 
| 125|0x0000000087d00000, 0x0000000087e00000, 0x0000000087e00000|100%| O|  |TAMS 0x0000000087d00000, 0x0000000087d00000| Untracked 
| 126|0x0000000087e00000, 0x0000000087f00000, 0x0000000087f00000|100%| O|  |TAMS 0x0000000087e00000, 0x0000000087e00000| Untracked 
| 127|0x0000000087f00000, 0x0000000088000000, 0x0000000088000000|100%| O|  |TAMS 0x0000000087f00000, 0x0000000087f00000| Untracked 
| 128|0x0000000088000000, 0x0000000088100000, 0x0000000088100000|100%| O|  |TAMS 0x0000000088000000, 0x0000000088000000| Untracked 
| 129|0x0000000088100000, 0x0000000088200000, 0x0000000088200000|100%| O|  |TAMS 0x0000000088100000, 0x0000000088100000| Untracked 
| 130|0x0000000088200000, 0x0000000088300000, 0x0000000088300000|100%| O|  |TAMS 0x0000000088200000, 0x0000000088200000| Untracked 
| 131|0x0000000088300000, 0x0000000088400000, 0x0000000088400000|100%| O|  |TAMS 0x0000000088300000, 0x0000000088300000| Untracked 
| 132|0x0000000088400000, 0x0000000088500000, 0x0000000088500000|100%| O|  |TAMS 0x0000000088400000, 0x0000000088400000| Untracked 
| 133|0x0000000088500000, 0x0000000088529800, 0x0000000088600000| 16%| O|  |TAMS 0x0000000088500000, 0x0000000088500000| Untracked 
| 134|0x0000000088600000, 0x0000000088600000, 0x0000000088700000|  0%| F|  |TAMS 0x0000000088600000, 0x0000000088600000| Untracked 
| 135|0x0000000088700000, 0x0000000088700000, 0x0000000088800000|  0%| F|  |TAMS 0x0000000088700000, 0x0000000088700000| Untracked 
| 136|0x0000000088800000, 0x0000000088800000, 0x0000000088900000|  0%| F|  |TAMS 0x0000000088800000, 0x0000000088800000| Untracked 
| 137|0x0000000088900000, 0x0000000088900000, 0x0000000088a00000|  0%| F|  |TAMS 0x0000000088900000, 0x0000000088900000| Untracked 
| 138|0x0000000088a00000, 0x0000000088a00000, 0x0000000088b00000|  0%| F|  |TAMS 0x0000000088a00000, 0x0000000088a00000| Untracked 
| 139|0x0000000088b00000, 0x0000000088b00000, 0x0000000088c00000|  0%| F|  |TAMS 0x0000000088b00000, 0x0000000088b00000| Untracked 
| 140|0x0000000088c00000, 0x0000000088c00000, 0x0000000088d00000|  0%| F|  |TAMS 0x0000000088c00000, 0x0000000088c00000| Untracked 
| 141|0x0000000088d00000, 0x0000000088d00000, 0x0000000088e00000|  0%| F|  |TAMS 0x0000000088d00000, 0x0000000088d00000| Untracked 
| 142|0x0000000088e00000, 0x0000000088e00000, 0x0000000088f00000|  0%| F|  |TAMS 0x0000000088e00000, 0x0000000088e00000| Untracked 
| 143|0x0000000088f00000, 0x0000000088f00000, 0x0000000089000000|  0%| F|  |TAMS 0x0000000088f00000, 0x0000000088f00000| Untracked 
| 144|0x0000000089000000, 0x0000000089000000, 0x0000000089100000|  0%| F|  |TAMS 0x0000000089000000, 0x0000000089000000| Untracked 
| 145|0x0000000089100000, 0x0000000089100000, 0x0000000089200000|  0%| F|  |TAMS 0x0000000089100000, 0x0000000089100000| Untracked 
| 146|0x0000000089200000, 0x0000000089200000, 0x0000000089300000|  0%| F|  |TAMS 0x0000000089200000, 0x0000000089200000| Untracked 
| 147|0x0000000089300000, 0x0000000089300000, 0x0000000089400000|  0%| F|  |TAMS 0x0000000089300000, 0x0000000089300000| Untracked 
| 148|0x0000000089400000, 0x0000000089400000, 0x0000000089500000|  0%| F|  |TAMS 0x0000000089400000, 0x0000000089400000| Untracked 
| 149|0x0000000089500000, 0x0000000089500000, 0x0000000089600000|  0%| F|  |TAMS 0x0000000089500000, 0x0000000089500000| Untracked 
| 150|0x0000000089600000, 0x0000000089600000, 0x0000000089700000|  0%| F|  |TAMS 0x0000000089600000, 0x0000000089600000| Untracked 
| 151|0x0000000089700000, 0x0000000089700000, 0x0000000089800000|  0%| F|  |TAMS 0x0000000089700000, 0x0000000089700000| Untracked 
| 152|0x0000000089800000, 0x0000000089800000, 0x0000000089900000|  0%| F|  |TAMS 0x0000000089800000, 0x0000000089800000| Untracked 
| 153|0x0000000089900000, 0x0000000089900000, 0x0000000089a00000|  0%| F|  |TAMS 0x0000000089900000, 0x0000000089900000| Untracked 
| 154|0x0000000089a00000, 0x0000000089a00000, 0x0000000089b00000|  0%| F|  |TAMS 0x0000000089a00000, 0x0000000089a00000| Untracked 
| 155|0x0000000089b00000, 0x0000000089b00000, 0x0000000089c00000|  0%| F|  |TAMS 0x0000000089b00000, 0x0000000089b00000| Untracked 
| 156|0x0000000089c00000, 0x0000000089c00000, 0x0000000089d00000|  0%| F|  |TAMS 0x0000000089c00000, 0x0000000089c00000| Untracked 
| 157|0x0000000089d00000, 0x0000000089d00000, 0x0000000089e00000|  0%| F|  |TAMS 0x0000000089d00000, 0x0000000089d00000| Untracked 
| 158|0x0000000089e00000, 0x0000000089e00000, 0x0000000089f00000|  0%| F|  |TAMS 0x0000000089e00000, 0x0000000089e00000| Untracked 
| 159|0x0000000089f00000, 0x0000000089f00000, 0x000000008a000000|  0%| F|  |TAMS 0x0000000089f00000, 0x0000000089f00000| Untracked 
| 160|0x000000008a000000, 0x000000008a000000, 0x000000008a100000|  0%| F|  |TAMS 0x000000008a000000, 0x000000008a000000| Untracked 
| 161|0x000000008a100000, 0x000000008a100000, 0x000000008a200000|  0%| F|  |TAMS 0x000000008a100000, 0x000000008a100000| Untracked 
| 162|0x000000008a200000, 0x000000008a200000, 0x000000008a300000|  0%| F|  |TAMS 0x000000008a200000, 0x000000008a200000| Untracked 
| 163|0x000000008a300000, 0x000000008a300000, 0x000000008a400000|  0%| F|  |TAMS 0x000000008a300000, 0x000000008a300000| Untracked 
| 164|0x000000008a400000, 0x000000008a400000, 0x000000008a500000|  0%| F|  |TAMS 0x000000008a400000, 0x000000008a400000| Untracked 
| 165|0x000000008a500000, 0x000000008a500000, 0x000000008a600000|  0%| F|  |TAMS 0x000000008a500000, 0x000000008a500000| Untracked 
| 166|0x000000008a600000, 0x000000008a6c4848, 0x000000008a700000| 76%| S|CS|TAMS 0x000000008a600000, 0x000000008a600000| Complete 
| 167|0x000000008a700000, 0x000000008a700000, 0x000000008a800000|  0%| F|  |TAMS 0x000000008a700000, 0x000000008a700000| Untracked 
| 168|0x000000008a800000, 0x000000008a900000, 0x000000008a900000|100%| S|CS|TAMS 0x000000008a800000, 0x000000008a800000| Complete 
| 169|0x000000008a900000, 0x000000008aa00000, 0x000000008aa00000|100%| S|CS|TAMS 0x000000008a900000, 0x000000008a900000| Complete 
| 170|0x000000008aa00000, 0x000000008ab00000, 0x000000008ab00000|100%| S|CS|TAMS 0x000000008aa00000, 0x000000008aa00000| Complete 
| 171|0x000000008ab00000, 0x000000008ac00000, 0x000000008ac00000|100%| S|CS|TAMS 0x000000008ab00000, 0x000000008ab00000| Complete 
| 172|0x000000008ac00000, 0x000000008ac00000, 0x000000008ad00000|  0%| F|  |TAMS 0x000000008ac00000, 0x000000008ac00000| Untracked 
| 173|0x000000008ad00000, 0x000000008ad00000, 0x000000008ae00000|  0%| F|  |TAMS 0x000000008ad00000, 0x000000008ad00000| Untracked 
| 174|0x000000008ae00000, 0x000000008ae00000, 0x000000008af00000|  0%| F|  |TAMS 0x000000008ae00000, 0x000000008ae00000| Untracked 
| 175|0x000000008af00000, 0x000000008af00000, 0x000000008b000000|  0%| F|  |TAMS 0x000000008af00000, 0x000000008af00000| Untracked 
| 176|0x000000008b000000, 0x000000008b000000, 0x000000008b100000|  0%| F|  |TAMS 0x000000008b000000, 0x000000008b000000| Untracked 
| 177|0x000000008b100000, 0x000000008b100000, 0x000000008b200000|  0%| F|  |TAMS 0x000000008b100000, 0x000000008b100000| Untracked 
| 178|0x000000008b200000, 0x000000008b200000, 0x000000008b300000|  0%| F|  |TAMS 0x000000008b200000, 0x000000008b200000| Untracked 
| 179|0x000000008b300000, 0x000000008b300000, 0x000000008b400000|  0%| F|  |TAMS 0x000000008b300000, 0x000000008b300000| Untracked 
| 180|0x000000008b400000, 0x000000008b400000, 0x000000008b500000|  0%| F|  |TAMS 0x000000008b400000, 0x000000008b400000| Untracked 
| 181|0x000000008b500000, 0x000000008b500000, 0x000000008b600000|  0%| F|  |TAMS 0x000000008b500000, 0x000000008b500000| Untracked 
| 182|0x000000008b600000, 0x000000008b600000, 0x000000008b700000|  0%| F|  |TAMS 0x000000008b600000, 0x000000008b600000| Untracked 
| 183|0x000000008b700000, 0x000000008b700000, 0x000000008b800000|  0%| F|  |TAMS 0x000000008b700000, 0x000000008b700000| Untracked 
| 184|0x000000008b800000, 0x000000008b800000, 0x000000008b900000|  0%| F|  |TAMS 0x000000008b800000, 0x000000008b800000| Untracked 
| 185|0x000000008b900000, 0x000000008b900000, 0x000000008ba00000|  0%| F|  |TAMS 0x000000008b900000, 0x000000008b900000| Untracked 
| 186|0x000000008ba00000, 0x000000008ba00000, 0x000000008bb00000|  0%| F|  |TAMS 0x000000008ba00000, 0x000000008ba00000| Untracked 
| 187|0x000000008bb00000, 0x000000008bb00000, 0x000000008bc00000|  0%| F|  |TAMS 0x000000008bb00000, 0x000000008bb00000| Untracked 
| 188|0x000000008bc00000, 0x000000008bc00000, 0x000000008bd00000|  0%| F|  |TAMS 0x000000008bc00000, 0x000000008bc00000| Untracked 
| 189|0x000000008bd00000, 0x000000008bd00000, 0x000000008be00000|  0%| F|  |TAMS 0x000000008bd00000, 0x000000008bd00000| Untracked 
| 190|0x000000008be00000, 0x000000008be00000, 0x000000008bf00000|  0%| F|  |TAMS 0x000000008be00000, 0x000000008be00000| Untracked 
| 191|0x000000008bf00000, 0x000000008bf00000, 0x000000008c000000|  0%| F|  |TAMS 0x000000008bf00000, 0x000000008bf00000| Untracked 
| 192|0x000000008c000000, 0x000000008c000000, 0x000000008c100000|  0%| F|  |TAMS 0x000000008c000000, 0x000000008c000000| Untracked 
| 193|0x000000008c100000, 0x000000008c100000, 0x000000008c200000|  0%| F|  |TAMS 0x000000008c100000, 0x000000008c100000| Untracked 
| 194|0x000000008c200000, 0x000000008c200000, 0x000000008c300000|  0%| F|  |TAMS 0x000000008c200000, 0x000000008c200000| Untracked 
| 195|0x000000008c300000, 0x000000008c300000, 0x000000008c400000|  0%| F|  |TAMS 0x000000008c300000, 0x000000008c300000| Untracked 
| 196|0x000000008c400000, 0x000000008c400000, 0x000000008c500000|  0%| F|  |TAMS 0x000000008c400000, 0x000000008c400000| Untracked 
| 197|0x000000008c500000, 0x000000008c500000, 0x000000008c600000|  0%| F|  |TAMS 0x000000008c500000, 0x000000008c500000| Untracked 
| 198|0x000000008c600000, 0x000000008c600000, 0x000000008c700000|  0%| F|  |TAMS 0x000000008c600000, 0x000000008c600000| Untracked 
| 199|0x000000008c700000, 0x000000008c700000, 0x000000008c800000|  0%| F|  |TAMS 0x000000008c700000, 0x000000008c700000| Untracked 
| 200|0x000000008c800000, 0x000000008c800000, 0x000000008c900000|  0%| F|  |TAMS 0x000000008c800000, 0x000000008c800000| Untracked 
| 201|0x000000008c900000, 0x000000008c900000, 0x000000008ca00000|  0%| F|  |TAMS 0x000000008c900000, 0x000000008c900000| Untracked 
| 202|0x000000008ca00000, 0x000000008ca00000, 0x000000008cb00000|  0%| F|  |TAMS 0x000000008ca00000, 0x000000008ca00000| Untracked 
| 203|0x000000008cb00000, 0x000000008cb00000, 0x000000008cc00000|  0%| F|  |TAMS 0x000000008cb00000, 0x000000008cb00000| Untracked 
| 204|0x000000008cc00000, 0x000000008cc00000, 0x000000008cd00000|  0%| F|  |TAMS 0x000000008cc00000, 0x000000008cc00000| Untracked 
| 205|0x000000008cd00000, 0x000000008cd00000, 0x000000008ce00000|  0%| F|  |TAMS 0x000000008cd00000, 0x000000008cd00000| Untracked 
| 206|0x000000008ce00000, 0x000000008ce00000, 0x000000008cf00000|  0%| F|  |TAMS 0x000000008ce00000, 0x000000008ce00000| Untracked 
| 207|0x000000008cf00000, 0x000000008cf00000, 0x000000008d000000|  0%| F|  |TAMS 0x000000008cf00000, 0x000000008cf00000| Untracked 
| 251|0x000000008fb00000, 0x000000008fb00000, 0x000000008fc00000|  0%| F|  |TAMS 0x000000008fb00000, 0x000000008fb00000| Untracked 

Card table byte_map: [0x0000024f27ac0000,0x0000024f27ec0000] _byte_map_base: 0x0000024f276c0000

Marking Bits (Prev, Next): (CMBitMap*) 0x0000024f10efb230, (CMBitMap*) 0x0000024f10efb1f0
 Prev Bits: [0x0000024f2a2c0000, 0x0000024f2c2c0000)
 Next Bits: [0x0000024f282c0000, 0x0000024f2a2c0000)

Polling page: 0x0000024f10690000

Metaspace:

Usage:
  Non-class:     80.76 MB used.
      Class:     12.89 MB used.
       Both:     93.65 MB used.

Virtual space:
  Non-class space:       88.00 MB reserved,      81.31 MB ( 92%) committed,  11 nodes.
      Class space:      412.00 MB reserved,      13.31 MB (  3%) committed,  1 nodes.
             Both:      500.00 MB reserved,      94.62 MB ( 19%) committed. 

Chunk freelists:
   Non-Class:  2.34 MB
       Class:  2.70 MB
        Both:  5.05 MB

MaxMetaspaceSize: 512.00 MB
CompressedClassSpaceSize: 412.00 MB
Initial GC threshold: 21.00 MB
Current GC threshold: 143.25 MB
CDS: on
MetaspaceReclaimPolicy: balanced
 - commit_granule_bytes: 65536.
 - commit_granule_words: 8192.
 - virtual_space_node_default_size: 1048576.
 - enlarge_chunks_in_place: 1.
 - new_chunks_are_fully_committed: 0.
 - uncommit_free_chunks: 1.
 - use_allocation_guard: 0.
 - handle_deallocations: 1.


Internal statistics:

num_allocs_failed_limit: 6.
num_arena_births: 1130.
num_arena_deaths: 0.
num_vsnodes_births: 12.
num_vsnodes_deaths: 0.
num_space_committed: 1514.
num_space_uncommitted: 0.
num_chunks_returned_to_freelist: 6.
num_chunks_taken_from_freelist: 5229.
num_chunk_merges: 6.
num_chunk_splits: 3445.
num_chunks_enlarged: 2296.
num_purges: 0.
num_inconsistent_stats: 0.

CodeHeap 'non-profiled nmethods': size=120000Kb used=7988Kb max_used=7988Kb free=112011Kb
 bounds [0x0000024f20190000, 0x0000024f20960000, 0x0000024f276c0000]
CodeHeap 'profiled nmethods': size=120000Kb used=24105Kb max_used=24105Kb free=95894Kb
 bounds [0x0000024f18c60000, 0x0000024f1a3f0000, 0x0000024f20190000]
CodeHeap 'non-nmethods': size=5760Kb used=2419Kb max_used=2487Kb free=3340Kb
 bounds [0x0000024f186c0000, 0x0000024f18940000, 0x0000024f18c60000]
 total_blobs=12952 nmethods=12012 adapters=849
 compilation: enabled
              stopped_count=0, restarted_count=0
 full_count=0

Compilation events (20 events):
Event: 31.675 Thread 0x0000024f2e7a7320 nmethod 13408 0x0000024f2095b590 code [0x0000024f2095b700, 0x0000024f2095b7d8]
Event: 31.675 Thread 0x0000024f2e7a7320 13435       4       com.google.common.collect.RegularImmutableList::internalArrayEnd (6 bytes)
Event: 31.675 Thread 0x0000024f2e7a7320 nmethod 13435 0x0000024f2095b910 code [0x0000024f2095ba80, 0x0000024f2095bb18]
Event: 31.678 Thread 0x0000024f2e7a7320 13439       4       org.gradle.api.internal.DefaultDomainObjectSet_Decorated::getMutationGuard (39 bytes)
Event: 31.678 Thread 0x0000024f2e7a7320 nmethod 13439 0x0000024f2095bc10 code [0x0000024f2095bd80, 0x0000024f2095be38]
Event: 31.679 Thread 0x0000024f2e7a7320 13440       4       org.gradle.api.internal.DelegatingDomainObjectSet::iterator (10 bytes)
Event: 31.679 Thread 0x0000024f2e7aa9f0 13441       3       org.gradle.api.internal.artifacts.DefaultDependencyManagementServices$DependencyResolutionScopeServices$$Lambda$544/0x00000008010f92c8::apply (12 bytes)
Event: 31.680 Thread 0x0000024f2e7aa9f0 nmethod 13441 0x0000024f1a3e8a10 code [0x0000024f1a3e8be0, 0x0000024f1a3e9018]
Event: 31.680 Thread 0x0000024f2e7aa9f0 13442       1       org.gradle.api.internal.artifacts.dsl.ComponentMetadataRuleContainer::setVariantDerivationStrategy (6 bytes)
Event: 31.680 Thread 0x0000024f2e7aa9f0 nmethod 13442 0x0000024f2095bf10 code [0x0000024f2095c0a0, 0x0000024f2095c1b8]
Event: 31.683 Thread 0x0000024f2e7aa9f0 13444       3       java.lang.AbstractStringBuilder::checkRangeSIOOBE (63 bytes)
Event: 31.683 Thread 0x0000024f2e7a7320 nmethod 13440 0x0000024f2095c210 code [0x0000024f2095c3e0, 0x0000024f2095c888]
Event: 31.683 Thread 0x0000024f2e7a7320 13443       4       java.util.regex.Pattern$CharPropertyGreedy::match (160 bytes)
Event: 31.684 Thread 0x0000024f2e7aa9f0 nmethod 13444 0x0000024f1a3e9190 code [0x0000024f1a3e9420, 0x0000024f1a3e9d78]
Event: 31.687 Thread 0x0000024f2e7aa9f0 13447       3       org.gradle.api.internal.artifacts.dependencies.DefaultDependencyConstraint_Decorated::getReason (39 bytes)
Event: 31.688 Thread 0x0000024f2e7aa9f0 nmethod 13447 0x0000024f1a3ea110 code [0x0000024f1a3ea2e0, 0x0000024f1a3ea658]
Event: 31.688 Thread 0x0000024f2e7aa9f0 13448       1       org.gradle.api.internal.artifacts.dependencies.AbstractModuleDependency::isTransitive (5 bytes)
Event: 31.688 Thread 0x0000024f2e7aa9f0 nmethod 13448 0x0000024f2095cb90 code [0x0000024f2095cd20, 0x0000024f2095cdf8]
Event: 31.688 Thread 0x0000024f2e7aa9f0 13449       1       org.gradle.api.internal.artifacts.dependencies.AbstractModuleDependency::getArtifacts (5 bytes)
Event: 31.688 Thread 0x0000024f2e7aa9f0 nmethod 13449 0x0000024f2095ce90 code [0x0000024f2095d020, 0x0000024f2095d0f8]

GC Heap History (20 events):
Event: 25.520 GC heap after
{Heap after GC invocations=40 (full 0):
 garbage-first heap   total 140288K, used 80862K [0x0000000080000000, 0x0000000100000000)
  region size 1024K, 4 young (4096K), 4 survivors (4096K)
 Metaspace       used 79772K, committed 80512K, reserved 495616K
  class space    used 11080K, committed 11456K, reserved 421888K
}
Event: 25.565 GC heap before
{Heap before GC invocations=40 (full 0):
 garbage-first heap   total 140288K, used 82910K [0x0000000080000000, 0x0000000100000000)
  region size 1024K, 6 young (6144K), 4 survivors (4096K)
 Metaspace       used 79910K, committed 80768K, reserved 495616K
  class space    used 11105K, committed 11520K, reserved 421888K
}
Event: 25.570 GC heap after
{Heap after GC invocations=41 (full 0):
 garbage-first heap   total 140288K, used 80695K [0x0000000080000000, 0x0000000100000000)
  region size 1024K, 1 young (1024K), 1 survivors (1024K)
 Metaspace       used 79910K, committed 80768K, reserved 495616K
  class space    used 11105K, committed 11520K, reserved 421888K
}
Event: 26.008 GC heap before
{Heap before GC invocations=41 (full 0):
 garbage-first heap   total 140288K, used 115511K [0x0000000080000000, 0x0000000100000000)
  region size 1024K, 35 young (35840K), 1 survivors (1024K)
 Metaspace       used 81364K, committed 82176K, reserved 495616K
  class space    used 11344K, committed 11776K, reserved 421888K
}
Event: 26.014 GC heap after
{Heap after GC invocations=42 (full 0):
 garbage-first heap   total 185344K, used 86544K [0x0000000080000000, 0x0000000100000000)
  region size 1024K, 5 young (5120K), 5 survivors (5120K)
 Metaspace       used 81364K, committed 82176K, reserved 495616K
  class space    used 11344K, committed 11776K, reserved 421888K
}
Event: 27.651 GC heap before
{Heap before GC invocations=43 (full 0):
 garbage-first heap   total 185344K, used 155152K [0x0000000080000000, 0x0000000100000000)
  region size 1024K, 64 young (65536K), 5 survivors (5120K)
 Metaspace       used 84227K, committed 85120K, reserved 495616K
  class space    used 11683K, committed 12096K, reserved 421888K
}
Event: 27.662 GC heap after
{Heap after GC invocations=44 (full 0):
 garbage-first heap   total 185344K, used 107145K [0x0000000080000000, 0x0000000100000000)
  region size 1024K, 8 young (8192K), 8 survivors (8192K)
 Metaspace       used 84227K, committed 85120K, reserved 495616K
  class space    used 11683K, committed 12096K, reserved 421888K
}
Event: 27.672 GC heap before
{Heap before GC invocations=44 (full 0):
 garbage-first heap   total 185344K, used 108169K [0x0000000080000000, 0x0000000100000000)
  region size 1024K, 9 young (9216K), 8 survivors (8192K)
 Metaspace       used 84263K, committed 85120K, reserved 495616K
  class space    used 11687K, committed 12096K, reserved 421888K
}
Event: 27.676 GC heap after
{Heap after GC invocations=45 (full 0):
 garbage-first heap   total 185344K, used 108353K [0x0000000080000000, 0x0000000100000000)
  region size 1024K, 2 young (2048K), 2 survivors (2048K)
 Metaspace       used 84263K, committed 85120K, reserved 495616K
  class space    used 11687K, committed 12096K, reserved 421888K
}
Event: 28.238 GC heap before
{Heap before GC invocations=45 (full 0):
 garbage-first heap   total 185344K, used 145217K [0x0000000080000000, 0x0000000100000000)
  region size 1024K, 39 young (39936K), 2 survivors (2048K)
 Metaspace       used 86422K, committed 87360K, reserved 503808K
  class space    used 11951K, committed 12416K, reserved 421888K
}
Event: 28.244 GC heap after
{Heap after GC invocations=46 (full 0):
 garbage-first heap   total 185344K, used 111799K [0x0000000080000000, 0x0000000100000000)
  region size 1024K, 5 young (5120K), 5 survivors (5120K)
 Metaspace       used 86422K, committed 87360K, reserved 503808K
  class space    used 11951K, committed 12416K, reserved 421888K
}
Event: 29.055 GC heap before
{Heap before GC invocations=47 (full 0):
 garbage-first heap   total 214016K, used 152759K [0x0000000080000000, 0x0000000100000000)
  region size 1024K, 42 young (43008K), 5 survivors (5120K)
 Metaspace       used 88814K, committed 89792K, reserved 503808K
  class space    used 12267K, committed 12736K, reserved 421888K
}
Event: 29.067 GC heap after
{Heap after GC invocations=48 (full 0):
 garbage-first heap   total 214016K, used 125234K [0x0000000080000000, 0x0000000100000000)
  region size 1024K, 6 young (6144K), 6 survivors (6144K)
 Metaspace       used 88814K, committed 89792K, reserved 503808K
  class space    used 12267K, committed 12736K, reserved 421888K
}
Event: 29.166 GC heap before
{Heap before GC invocations=48 (full 0):
 garbage-first heap   total 214016K, used 129330K [0x0000000080000000, 0x0000000100000000)
  region size 1024K, 10 young (10240K), 6 survivors (6144K)
 Metaspace       used 89059K, committed 89984K, reserved 503808K
  class space    used 12294K, committed 12736K, reserved 421888K
}
Event: 29.172 GC heap after
{Heap after GC invocations=49 (full 0):
 garbage-first heap   total 214016K, used 126691K [0x0000000080000000, 0x0000000100000000)
  region size 1024K, 1 young (1024K), 1 survivors (1024K)
 Metaspace       used 89059K, committed 89984K, reserved 503808K
  class space    used 12294K, committed 12736K, reserved 421888K
}
Event: 29.789 GC heap before
{Heap before GC invocations=49 (full 0):
 garbage-first heap   total 214016K, used 168675K [0x0000000080000000, 0x0000000100000000)
  region size 1024K, 42 young (43008K), 1 survivors (1024K)
 Metaspace       used 94027K, committed 95040K, reserved 512000K
  class space    used 12986K, committed 13440K, reserved 421888K
}
Event: 29.793 GC heap after
{Heap after GC invocations=50 (full 0):
 garbage-first heap   total 214016K, used 128897K [0x0000000080000000, 0x0000000100000000)
  region size 1024K, 4 young (4096K), 4 survivors (4096K)
 Metaspace       used 94027K, committed 95040K, reserved 512000K
  class space    used 12986K, committed 13440K, reserved 421888K
}
Event: 30.439 GC heap before
{Heap before GC invocations=50 (full 0):
 garbage-first heap   total 214016K, used 170881K [0x0000000080000000, 0x0000000100000000)
  region size 1024K, 45 young (46080K), 4 survivors (4096K)
 Metaspace       used 95461K, committed 96384K, reserved 512000K
  class space    used 13159K, committed 13568K, reserved 421888K
}
Event: 30.451 GC heap after
{Heap after GC invocations=51 (full 0):
 garbage-first heap   total 214016K, used 135996K [0x0000000080000000, 0x0000000100000000)
  region size 1024K, 6 young (6144K), 6 survivors (6144K)
 Metaspace       used 95461K, committed 96384K, reserved 512000K
  class space    used 13159K, committed 13568K, reserved 421888K
}
Event: 31.688 GC heap before
{Heap before GC invocations=51 (full 0):
 garbage-first heap   total 214016K, used 173884K [0x0000000080000000, 0x0000000100000000)
  region size 1024K, 43 young (44032K), 6 survivors (6144K)
 Metaspace       used 95900K, committed 96896K, reserved 512000K
  class space    used 13197K, committed 13632K, reserved 421888K
}

Deoptimization events (20 events):
Event: 30.539 Thread 0x0000024f312cdde0 Uncommon trap: trap_request=0xffffff76 fr.pc=0x0000024f208e1924 relative=0x0000000000000084
Event: 30.539 Thread 0x0000024f312cdde0 Uncommon trap: reason=predicate action=maybe_recompile pc=0x0000024f208e1924 method=java.util.TimSort.binarySort([Ljava/lang/Object;IIILjava/util/Comparator;)V @ 34 c2
Event: 30.539 Thread 0x0000024f312cdde0 DEOPT PACKING pc=0x0000024f208e1924 sp=0x0000006195bf9b00
Event: 30.539 Thread 0x0000024f312cdde0 DEOPT UNPACKING pc=0x0000024f18715c23 sp=0x0000006195bf9ab0 mode 2
Event: 30.563 Thread 0x0000024f312cdde0 Uncommon trap: trap_request=0xffffff45 fr.pc=0x0000024f207d83a0 relative=0x0000000000000160
Event: 30.563 Thread 0x0000024f312cdde0 Uncommon trap: reason=unstable_if action=reinterpret pc=0x0000024f207d83a0 method=org.gradle.api.internal.artifacts.configurations.DefaultConfiguration.preventIllegalMutation(Lorg/gradle/api/internal/artifacts/configurations/MutationValidator$MutationType
Event: 30.563 Thread 0x0000024f312cdde0 DEOPT PACKING pc=0x0000024f207d83a0 sp=0x0000006195bf80d0
Event: 30.563 Thread 0x0000024f312cdde0 DEOPT UNPACKING pc=0x0000024f18715c23 sp=0x0000006195bf8000 mode 2
Event: 30.563 Thread 0x0000024f312cdde0 Uncommon trap: trap_request=0xffffff45 fr.pc=0x0000024f207937f0 relative=0x0000000000000130
Event: 30.563 Thread 0x0000024f312cdde0 Uncommon trap: reason=unstable_if action=reinterpret pc=0x0000024f207937f0 method=org.gradle.api.internal.artifacts.configurations.DefaultConfiguration.preventIllegalMutation(Lorg/gradle/api/internal/artifacts/configurations/MutationValidator$MutationType
Event: 30.563 Thread 0x0000024f312cdde0 DEOPT PACKING pc=0x0000024f207937f0 sp=0x0000006195bf8050
Event: 30.563 Thread 0x0000024f312cdde0 DEOPT UNPACKING pc=0x0000024f18715c23 sp=0x0000006195bf7fe8 mode 2
Event: 30.642 Thread 0x0000024f312cdde0 DEOPT PACKING pc=0x0000024f1a2c1820 sp=0x0000006195bf9220
Event: 30.642 Thread 0x0000024f312cdde0 DEOPT UNPACKING pc=0x0000024f18716763 sp=0x0000006195bf86b8 mode 0
Event: 31.009 Thread 0x0000024f312cdde0 Uncommon trap: trap_request=0xffffff45 fr.pc=0x0000024f207fc89c relative=0x0000000000001bdc
Event: 31.009 Thread 0x0000024f312cdde0 Uncommon trap: reason=unstable_if action=reinterpret pc=0x0000024f207fc89c method=com.esotericsoftware.kryo.io.Input.readAscii()Ljava/lang/String; @ 23 c2
Event: 31.009 Thread 0x0000024f312cdde0 DEOPT PACKING pc=0x0000024f207fc89c sp=0x0000006195bf8c70
Event: 31.009 Thread 0x0000024f312cdde0 DEOPT UNPACKING pc=0x0000024f18715c23 sp=0x0000006195bf8b40 mode 2
Event: 31.628 Thread 0x0000024f312cdde0 DEOPT PACKING pc=0x0000024f19b509a7 sp=0x0000006195bfa440
Event: 31.628 Thread 0x0000024f312cdde0 DEOPT UNPACKING pc=0x0000024f18716763 sp=0x0000006195bf9908 mode 0

Classes unloaded (0 events):
No events

Classes redefined (0 events):
No events

Internal exceptions (20 events):
Event: 28.722 Thread 0x0000024f312cdde0 Exception <a 'java/lang/ClassNotFoundException'{0x000000008bdbfc10}: build_synsse2ag7miyf2dfojunpn$_run_closure1Customizer> (0x000000008bdbfc10) 
thrown [t:\workspace\open\src\hotspot\share\classfile\systemDictionary.cpp, line 256]
Event: 28.799 Thread 0x0000024f312cdde0 Exception <a 'java/lang/NoClassDefFoundError'{0x000000008ba49248}: org/jetbrains/kotlin/gradle/plugin/KotlinBasePluginWrapper> (0x000000008ba49248) 
thrown [t:\workspace\open\src\hotspot\share\oops\constantPool.cpp, line 835]
Event: 28.803 Thread 0x0000024f312cdde0 Implicit null exception at 0x0000024f2025096e to 0x0000024f202510d0
Event: 29.281 Thread 0x0000024f312cdde0 Exception <a 'sun/nio/fs/WindowsException'{0x000000008c847d48}> (0x000000008c847d48) 
thrown [t:\workspace\open\src\hotspot\share\prims\jni.cpp, line 516]
Event: 29.407 Thread 0x0000024f312cdde0 Exception <a 'java/lang/NullPointerException'{0x000000008c15c148}> (0x000000008c15c148) 
thrown [t:\workspace\open\src\hotspot\share\interpreter\linkResolver.cpp, line 1440]
Event: 29.463 Thread 0x0000024f312cdde0 Implicit null exception at 0x0000024f2038b8e0 to 0x0000024f20391e98
Event: 29.654 Thread 0x0000024f312cdde0 Exception <a 'sun/nio/fs/WindowsException'{0x000000008b323748}> (0x000000008b323748) 
thrown [t:\workspace\open\src\hotspot\share\prims\jni.cpp, line 516]
Event: 29.654 Thread 0x0000024f312cdde0 Exception <a 'sun/nio/fs/WindowsException'{0x000000008b324ab8}> (0x000000008b324ab8) 
thrown [t:\workspace\open\src\hotspot\share\prims\jni.cpp, line 516]
Event: 29.655 Thread 0x0000024f312cdde0 Exception <a 'sun/nio/fs/WindowsException'{0x000000008b325e78}> (0x000000008b325e78) 
thrown [t:\workspace\open\src\hotspot\share\prims\jni.cpp, line 516]
Event: 29.655 Thread 0x0000024f312cdde0 Exception <a 'sun/nio/fs/WindowsException'{0x000000008b327238}> (0x000000008b327238) 
thrown [t:\workspace\open\src\hotspot\share\prims\jni.cpp, line 516]
Event: 29.686 Thread 0x0000024f312cdde0 Implicit null exception at 0x0000024f208201ea to 0x0000024f208210c8
Event: 29.732 Thread 0x0000024f312cdde0 Implicit null exception at 0x0000024f2085954e to 0x0000024f20859f48
Event: 29.737 Thread 0x0000024f312cdde0 Implicit null exception at 0x0000024f2085a80d to 0x0000024f2085b0b4
Event: 29.783 Thread 0x0000024f312cdde0 Implicit null exception at 0x0000024f208638b9 to 0x0000024f208639f4
Event: 29.793 Thread 0x0000024f2e787870 Implicit null exception at 0x0000024f204a9ffd to 0x0000024f204aa638
Event: 29.812 Thread 0x0000024f312cdde0 Implicit null exception at 0x0000024f2086b3b9 to 0x0000024f2086b4f4
Event: 30.898 Thread 0x0000024f312cdde0 Exception <a 'sun/nio/fs/WindowsException'{0x000000008be34e30}> (0x000000008be34e30) 
thrown [t:\workspace\open\src\hotspot\share\prims\jni.cpp, line 516]
Event: 30.899 Thread 0x0000024f312cdde0 Exception <a 'sun/nio/fs/WindowsException'{0x000000008be361a0}> (0x000000008be361a0) 
thrown [t:\workspace\open\src\hotspot\share\prims\jni.cpp, line 516]
Event: 30.899 Thread 0x0000024f312cdde0 Exception <a 'sun/nio/fs/WindowsException'{0x000000008be37560}> (0x000000008be37560) 
thrown [t:\workspace\open\src\hotspot\share\prims\jni.cpp, line 516]
Event: 30.899 Thread 0x0000024f312cdde0 Exception <a 'sun/nio/fs/WindowsException'{0x000000008be38920}> (0x000000008be38920) 
thrown [t:\workspace\open\src\hotspot\share\prims\jni.cpp, line 516]

VM Operations (20 events):
Event: 30.657 Executing VM operation: ICBufferFull done
Event: 30.764 Executing VM operation: ICBufferFull
Event: 30.764 Executing VM operation: ICBufferFull done
Event: 30.794 Executing VM operation: ICBufferFull
Event: 30.794 Executing VM operation: ICBufferFull done
Event: 30.936 Executing VM operation: ICBufferFull
Event: 30.936 Executing VM operation: ICBufferFull done
Event: 31.038 Executing VM operation: ICBufferFull
Event: 31.038 Executing VM operation: ICBufferFull done
Event: 31.051 Executing VM operation: ICBufferFull
Event: 31.051 Executing VM operation: ICBufferFull done
Event: 31.111 Executing VM operation: ICBufferFull
Event: 31.111 Executing VM operation: ICBufferFull done
Event: 31.365 Executing VM operation: ICBufferFull
Event: 31.365 Executing VM operation: ICBufferFull done
Event: 31.581 Executing VM operation: ICBufferFull
Event: 31.581 Executing VM operation: ICBufferFull done
Event: 31.617 Executing VM operation: ICBufferFull
Event: 31.617 Executing VM operation: ICBufferFull done
Event: 31.688 Executing VM operation: G1CollectForAllocation

Events (20 events):
Event: 29.639 loading class java/util/regex/Pattern$Neg
Event: 29.639 loading class java/util/regex/Pattern$Neg done
Event: 29.648 loading class javax/xml/datatype/DatatypeConfigurationException
Event: 29.648 loading class javax/xml/datatype/DatatypeConfigurationException done
Event: 29.650 loading class com/sun/org/apache/xerces/internal/impl/io/MalformedByteSequenceException
Event: 29.651 loading class com/sun/org/apache/xerces/internal/impl/io/MalformedByteSequenceException done
Event: 29.655 loading class java/util/EnumMap$EntrySet
Event: 29.656 loading class java/util/EnumMap$EntrySet done
Event: 29.656 loading class java/util/EnumMap$EntryIterator
Event: 29.656 loading class java/util/EnumMap$EnumMapIterator
Event: 29.656 loading class java/util/EnumMap$EnumMapIterator done
Event: 29.656 loading class java/util/EnumMap$EntryIterator done
Event: 29.656 loading class java/util/EnumMap$EntryIterator$Entry
Event: 29.656 loading class java/util/EnumMap$EntryIterator$Entry done
Event: 29.858 loading class javax/management/InstanceAlreadyExistsException
Event: 29.858 loading class javax/management/InstanceAlreadyExistsException done
Event: 29.858 loading class javax/management/MBeanRegistrationException
Event: 29.859 loading class javax/management/MBeanRegistrationException done
Event: 29.859 loading class javax/management/NotCompliantMBeanException
Event: 29.859 loading class javax/management/NotCompliantMBeanException done


Dynamic libraries:
0x00007ff7655e0000 - 0x00007ff7655f0000 	D:\Java\bin\java.exe
0x00007ffeb4480000 - 0x00007ffeb4689000 	C:\WINDOWS\SYSTEM32\ntdll.dll
0x00007ffeb2d80000 - 0x00007ffeb2e3e000 	C:\WINDOWS\System32\KERNEL32.DLL
0x00007ffeb1da0000 - 0x00007ffeb211b000 	C:\WINDOWS\System32\KERNELBASE.dll
0x00007ffeb2120000 - 0x00007ffeb2231000 	C:\WINDOWS\System32\ucrtbase.dll
0x00007ffe840a0000 - 0x00007ffe840ba000 	D:\Java\bin\VCRUNTIME140.dll
0x00007ffe840c0000 - 0x00007ffe840d8000 	D:\Java\bin\jli.dll
0x00007ffeb3a10000 - 0x00007ffeb3abe000 	C:\WINDOWS\System32\ADVAPI32.dll
0x00007ffeb2c20000 - 0x00007ffeb2cc3000 	C:\WINDOWS\System32\msvcrt.dll
0x00007ffeb2590000 - 0x00007ffeb262e000 	C:\WINDOWS\System32\sechost.dll
0x00007ffeb3ea0000 - 0x00007ffeb3fc0000 	C:\WINDOWS\System32\RPCRT4.dll
0x00007ffeb3860000 - 0x00007ffeb3a0d000 	C:\WINDOWS\System32\USER32.dll
0x00007ffeb1cf0000 - 0x00007ffeb1d16000 	C:\WINDOWS\System32\win32u.dll
0x00007ffeb3710000 - 0x00007ffeb3739000 	C:\WINDOWS\System32\GDI32.dll
0x00007ffeb1950000 - 0x00007ffeb1a68000 	C:\WINDOWS\System32\gdi32full.dll
0x00007ffeb1c50000 - 0x00007ffeb1ced000 	C:\WINDOWS\System32\msvcp_win.dll
0x00007ffe99ab0000 - 0x00007ffe99d55000 	C:\WINDOWS\WinSxS\amd64_microsoft.windows.common-controls_6595b64144ccf1df_6.0.22000.120_none_9d947278b86cc467\COMCTL32.dll
0x00007ffea6620000 - 0x00007ffea662a000 	C:\WINDOWS\SYSTEM32\VERSION.dll
0x00007ffeb2550000 - 0x00007ffeb2582000 	C:\WINDOWS\System32\IMM32.DLL
0x00007ffe91450000 - 0x00007ffe9145c000 	D:\Java\bin\vcruntime140_1.dll
0x00007ffe369b0000 - 0x00007ffe36a3d000 	D:\Java\bin\msvcp140.dll
0x00007ffe35df0000 - 0x00007ffe369ae000 	D:\Java\bin\server\jvm.dll
0x00007ffeb2cd0000 - 0x00007ffeb2cd8000 	C:\WINDOWS\System32\PSAPI.DLL
0x00007ffe826f0000 - 0x00007ffe826f9000 	C:\WINDOWS\SYSTEM32\WSOCK32.dll
0x00007ffeb3c60000 - 0x00007ffeb3ccf000 	C:\WINDOWS\System32\WS2_32.dll
0x00007ffea6a30000 - 0x00007ffea6a63000 	C:\WINDOWS\SYSTEM32\WINMM.dll
0x00007ffeb0a00000 - 0x00007ffeb0a18000 	C:\WINDOWS\SYSTEM32\kernel.appcore.dll
0x00007ffe801d0000 - 0x00007ffe801da000 	D:\Java\bin\jimage.dll
0x00007ffeaf3e0000 - 0x00007ffeaf601000 	C:\WINDOWS\SYSTEM32\DBGHELP.DLL
0x00007ffe9eaf0000 - 0x00007ffe9eb21000 	C:\WINDOWS\SYSTEM32\dbgcore.DLL
0x00007ffeb1d20000 - 0x00007ffeb1d9f000 	C:\WINDOWS\System32\bcryptPrimitives.dll
0x00007ffe58f80000 - 0x00007ffe58fa5000 	D:\Java\bin\java.dll
0x00007ffe35d10000 - 0x00007ffe35de6000 	D:\Java\bin\svml.dll
0x00007ffeb2f30000 - 0x00007ffeb36e7000 	C:\WINDOWS\System32\SHELL32.dll
0x00007ffeafa00000 - 0x00007ffeb0265000 	C:\WINDOWS\SYSTEM32\windows.storage.dll
0x00007ffeb27d0000 - 0x00007ffeb2b48000 	C:\WINDOWS\System32\combase.dll
0x00007ffeaf890000 - 0x00007ffeaf9f6000 	C:\WINDOWS\SYSTEM32\wintypes.dll
0x00007ffeb2e40000 - 0x00007ffeb2f2a000 	C:\WINDOWS\System32\SHCORE.dll
0x00007ffeb3740000 - 0x00007ffeb379d000 	C:\WINDOWS\System32\shlwapi.dll
0x00007ffeb1880000 - 0x00007ffeb18a1000 	C:\WINDOWS\SYSTEM32\profapi.dll
0x00007ffe57e10000 - 0x00007ffe57e29000 	D:\Java\bin\net.dll
0x00007ffea7e00000 - 0x00007ffea7f14000 	C:\WINDOWS\SYSTEM32\WINHTTP.dll
0x00007ffeb0e90000 - 0x00007ffeb0ef7000 	C:\WINDOWS\system32\mswsock.dll
0x00007ffe57df0000 - 0x00007ffe57e05000 	D:\Java\bin\nio.dll
0x00007ffe56bb0000 - 0x00007ffe56bc8000 	D:\Java\bin\zip.dll
0x00007ffe7fe50000 - 0x00007ffe7fe60000 	D:\Java\bin\verify.dll
0x00007ffe56810000 - 0x00007ffe56837000 	C:\Users\VU\.gradle\native\e1d6ef7f7dcc3fd88c89a11ec53ec762bb8ba0a96d01ffa2cd45eb1d1d8dd5c5\windows-amd64\native-platform.dll
0x00007ffe35b60000 - 0x00007ffe35ca4000 	C:\Users\VU\.gradle\native\0d407fdbe67a94daf76414ababcb853783967236a71b16ec16e742cd7a986fd3\windows-amd64\native-platform-file-events.dll
0x00007ffe7a420000 - 0x00007ffe7a429000 	D:\Java\bin\management.dll
0x00007ffe79f00000 - 0x00007ffe79f0b000 	D:\Java\bin\management_ext.dll
0x00007ffeb1160000 - 0x00007ffeb1178000 	C:\WINDOWS\SYSTEM32\CRYPTSP.dll
0x00007ffeb0960000 - 0x00007ffeb0995000 	C:\WINDOWS\system32\rsaenh.dll
0x00007ffeb0f30000 - 0x00007ffeb0f59000 	C:\WINDOWS\SYSTEM32\USERENV.dll
0x00007ffeb1330000 - 0x00007ffeb1357000 	C:\WINDOWS\SYSTEM32\bcrypt.dll
0x00007ffeb1080000 - 0x00007ffeb108c000 	C:\WINDOWS\SYSTEM32\CRYPTBASE.dll
0x00007ffeb04b0000 - 0x00007ffeb04dd000 	C:\WINDOWS\SYSTEM32\IPHLPAPI.DLL
0x00007ffeb2d70000 - 0x00007ffeb2d79000 	C:\WINDOWS\System32\NSI.dll
0x00007ffea6a10000 - 0x00007ffea6a29000 	C:\WINDOWS\SYSTEM32\dhcpcsvc6.DLL
0x00007ffea6d60000 - 0x00007ffea6d7e000 	C:\WINDOWS\SYSTEM32\dhcpcsvc.DLL
0x00007ffeb04e0000 - 0x00007ffeb05c8000 	C:\WINDOWS\SYSTEM32\DNSAPI.dll
0x00007ffe791c0000 - 0x00007ffe791ce000 	D:\Java\bin\sunmscapi.dll
0x00007ffeb1ae0000 - 0x00007ffeb1c42000 	C:\WINDOWS\System32\CRYPT32.dll
0x00007ffeb1300000 - 0x00007ffeb1328000 	C:\WINDOWS\SYSTEM32\ncrypt.dll
0x00007ffeb12c0000 - 0x00007ffeb12f7000 	C:\WINDOWS\SYSTEM32\NTASN1.dll
0x00007ffe78cd0000 - 0x00007ffe78cd8000 	C:\WINDOWS\system32\wshunix.dll

dbghelp: loaded successfully - version: 4.0.5 - missing functions: none
symbol engine: initialized successfully - sym options: 0x614 - pdb path: .;D:\Java\bin;C:\WINDOWS\SYSTEM32;C:\WINDOWS\WinSxS\amd64_microsoft.windows.common-controls_6595b64144ccf1df_6.0.22000.120_none_9d947278b86cc467;D:\Java\bin\server;C:\Users\VU\.gradle\native\e1d6ef7f7dcc3fd88c89a11ec53ec762bb8ba0a96d01ffa2cd45eb1d1d8dd5c5\windows-amd64;C:\Users\VU\.gradle\native\0d407fdbe67a94daf76414ababcb853783967236a71b16ec16e742cd7a986fd3\windows-amd64

VM Arguments:
jvm_args: -XX:MaxMetaspaceSize=512m --add-opens=java.base/java.util=ALL-UNNAMED --add-opens=java.base/java.lang=ALL-UNNAMED --add-opens=java.base/java.lang.invoke=ALL-UNNAMED --add-opens=java.base/java.util=ALL-UNNAMED --add-opens=java.prefs/java.util.prefs=ALL-UNNAMED --add-opens=java.prefs/java.util.prefs=ALL-UNNAMED --add-opens=java.base/java.nio.charset=ALL-UNNAMED --add-opens=java.base/java.net=ALL-UNNAMED --add-opens=java.base/java.util.concurrent.atomic=ALL-UNNAMED -Xmx2048m -Dfile.encoding=windows-1252 -Duser.country=US -Duser.language=en -Duser.variant 
java_command: org.gradle.launcher.daemon.bootstrap.GradleDaemon 7.5.1
java_class_path (initial): C:\Users\VU\.gradle\wrapper\dists\gradle-7.5.1-all\1ehga6e77gqps5uk2kc5kf1vc\gradle-7.5.1\lib\gradle-launcher-7.5.1.jar
Launcher Type: SUN_STANDARD

[Global flags]
     intx CICompilerCount                          = 3                                         {product} {ergonomic}
   size_t CompressedClassSpaceSize                 = 432013312                                 {product} {ergonomic}
     uint ConcGCThreads                            = 1                                         {product} {ergonomic}
     uint G1ConcRefinementThreads                  = 4                                         {product} {ergonomic}
   size_t G1HeapRegionSize                         = 1048576                                   {product} {ergonomic}
    uintx GCDrainStackTargetSize                   = 64                                        {product} {ergonomic}
   size_t InitialHeapSize                          = 264241152                                 {product} {ergonomic}
   size_t MarkStackSize                            = 4194304                                   {product} {ergonomic}
   size_t MaxHeapSize                              = 2147483648                                {product} {command line}
   size_t MaxMetaspaceSize                         = 536870912                                 {product} {command line}
   size_t MaxNewSize                               = 1287651328                                {product} {ergonomic}
   size_t MinHeapDeltaBytes                        = 1048576                                   {product} {ergonomic}
   size_t MinHeapSize                              = 8388608                                   {product} {ergonomic}
    uintx NonNMethodCodeHeapSize                   = 5832780                                {pd product} {ergonomic}
    uintx NonProfiledCodeHeapSize                  = 122912730                              {pd product} {ergonomic}
    uintx ProfiledCodeHeapSize                     = 122912730                              {pd product} {ergonomic}
    uintx ReservedCodeCacheSize                    = 251658240                              {pd product} {ergonomic}
     bool SegmentedCodeCache                       = true                                      {product} {ergonomic}
   size_t SoftMaxHeapSize                          = 2147483648                             {manageable} {ergonomic}
     bool UseCompressedClassPointers               = true                           {product lp64_product} {ergonomic}
     bool UseCompressedOops                        = true                           {product lp64_product} {ergonomic}
     bool UseG1GC                                  = true                                      {product} {ergonomic}
     bool UseLargePagesIndividualAllocation        = false                                  {pd product} {ergonomic}

Logging:
Log output configuration:
 #0: stdout all=warning uptime,level,tags
 #1: stderr all=off uptime,level,tags

Environment Variables:
JAVA_HOME=D:\Java
CLASSPATH=D:\FPTPolytechnic\MOB306_CrossPlatform\Assignment\PS24414_TranAnhVu_Assignment\android\\gradle\wrapper\gradle-wrapper.jar
PATH=D:\FPTPolytechnic\MOB306_CrossPlatform\Assignment\PS24414_TranAnhVu_Assignment\android\node_modules\.bin;D:\FPTPolytechnic\MOB306_CrossPlatform\Assignment\PS24414_TranAnhVu_Assignment\node_modules\.bin;D:\FPTPolytechnic\MOB306_CrossPlatform\Assignment\node_modules\.bin;D:\FPTPolytechnic\MOB306_CrossPlatform\node_modules\.bin;D:\FPTPolytechnic\node_modules\.bin;D:\node_modules\.bin;D:\Nodejs;D:\FPTPolytechnic\MOB306_CrossPlatform\Assignment\PS24414_TranAnhVu_Assignment\node_modules\.bin;D:\FPTPolytechnic\MOB306_CrossPlatform\Assignment\node_modules\.bin;D:\FPTPolytechnic\MOB306_CrossPlatform\node_modules\.bin;D:\FPTPolytechnic\node_modules\.bin;D:\node_modules\.bin;D:\Nodejs\node_modules\npm\node_modules\@npmcli\run-script\lib\node-gyp-bin;D:\FPTPolytechnic\MOB306_CrossPlatform\Assignment\PS24414_TranAnhVu_Assignment\node_modules\.bin;D:\FPTPolytechnic\MOB306_CrossPlatform\Assignment\node_modules\.bin;D:\FPTPolytechnic\MOB306_CrossPlatform\node_modules\.bin;D:\FPTPolytechnic\node_modules\.bin;D:\node_modules\.bin;D:\Nodejs;D:\FPTPolytechnic\MOB306_CrossPlatform\Assignment\PS24414_TranAnhVu_Assignment\node_modules\react-native\scripts\node_modules\.bin;D:\FPTPolytechnic\MOB306_CrossPlatform\Assignment\PS24414_TranAnhVu_Assignment\node_modules\react-native\node_modules\.bin;D:\FPTPolytechnic\MOB306_CrossPlatform\Assignment\PS24414_TranAnhVu_Assignment\node_modules\node_modules\.bin;D:\FPTPolytechnic\MOB306_CrossPlatform\Assignment\PS24414_TranAnhVu_Assignment\node_modules\.bin;D:\FPTPolytechnic\MOB306_CrossPlatform\Assignment\node_modules\.bin;D:\FPTPolytechnic\MOB306_CrossPlatform\node_modules\.bin;D:\FPTPolytechnic\node_modules\.bin;D:\node_modules\.bin;D:\Nodejs;D:\FPTPolytechnic\MOB306_CrossPlatform\Assignment\PS24414_TranAnhVu_Assignment\node_modules\.bin;D:\FPTPolytechnic\MOB306_CrossPlatform\Assignment\node_modules\.bin;D:\FPTPolytechnic\MOB306_CrossPlatform\node_modules\.bin;D:\FPTPolytechnic\node_modules\.bin;D:\node_modules\.bin;D:\Nodejs\node_modules\npm\n
USERNAME=VU
LANG=en_US.UTF-8
OS=Windows_NT
PROCESSOR_IDENTIFIER=Intel64 Family 6 Model 140 Stepping 1, GenuineIntel



---------------  S Y S T E M  ---------------

OS:
 Windows 10 , 64 bit Build 22000 (10.0.22000.1335)
OS uptime: 3 days 2:07 hours
Hyper-V role detected

CPU: total 4 (initial active 4) (2 cores per cpu, 2 threads per core) family 6 model 140 stepping 1 microcode 0x86, cx8, cmov, fxsr, ht, mmx, 3dnowpref, sse, sse2, sse3, ssse3, sse4.1, sse4.2, popcnt, lzcnt, tsc, tscinvbit, avx, avx2, aes, erms, clmul, bmi1, bmi2, adx, avx512f, avx512dq, avx512cd, avx512bw, avx512vl, sha, fma, vzeroupper, avx512_vpopcntdq, avx512_vpclmulqdq, avx512_vaes, avx512_vnni, clflush, clflushopt, clwb, avx512_vbmi2, avx512_vbmi, hv

Memory: 4k page, system-wide physical 16066M (2802M free)
TotalPageFile size 21776M (AvailPageFile size 9M)
current process WorkingSet (physical memory assigned to process): 485M, peak: 488M
current process commit charge ("private bytes"): 520M, peak: 563M

vm_info: Java HotSpot(TM) 64-Bit Server VM (17.0.1+12-LTS-39) for windows-amd64 JRE (17.0.1+12-LTS-39), built on Sep 27 2021 18:41:35 by "mach5one" with MS VC++ 16.8 (VS2019)

END.
